<?xml version="1.0" encoding="UTF-8"?>
<robot generator="Robot 4.1.3 (Python 3.10.0 on win32)" generated="20211229 15:04:42.945" rpa="false" schemaversion="2">
<suite id="s1" name="TestCases" source="C:\Users\anton\PycharmProjects\Automation_testing\ecommerce_demo_robotframework\TestCases">
<suite id="s1-s1" name="Buy Checking" source="C:\Users\anton\PycharmProjects\Automation_testing\ecommerce_demo_robotframework\TestCases\buy_checking.robot">
<kw name="Open my browser" library="check_buy_resources" type="SETUP">
<arg>${url}</arg>
<arg>${browser}</arg>
<kw name="Open Browser" library="SeleniumLibrary">
<arg>${url}</arg>
<arg>${browser}</arg>
<doc>Opens a new browser instance to the given ``url``.</doc>
<msg timestamp="20211229 15:04:43.216" level="INFO">Opening browser 'chrome' to base url 'https://demo.nopcommerce.com/'.</msg>
<status status="PASS" starttime="20211229 15:04:43.215" endtime="20211229 15:04:47.393"/>
</kw>
<kw name="Maximize Browser Window" library="SeleniumLibrary">
<doc>Maximizes current browser window.</doc>
<status status="PASS" starttime="20211229 15:04:47.394" endtime="20211229 15:04:47.541"/>
</kw>
<status status="PASS" starttime="20211229 15:04:43.214" endtime="20211229 15:04:47.542"/>
</kw>
<test id="s1-s1-t1" name="Buying some items and checking the quantity and price">
<kw name="Buying an item">
<kw name="Go to Apparel tab" library="check_buy_resources">
<kw name="Click Element" library="SeleniumLibrary">
<arg>${apparel_tab}</arg>
<doc>Click element identified by ``locator``.</doc>
<msg timestamp="20211229 15:04:47.551" level="INFO">Clicking element 'xpath:/html/body/div[6]/div[2]/ul[1]/li[3]/a'.</msg>
<status status="PASS" starttime="20211229 15:04:47.548" endtime="20211229 15:04:48.982"/>
</kw>
<kw name="Wait Until Page Contains Element" library="SeleniumLibrary">
<arg>${shoes_tab}</arg>
<doc>Waits until element ``locator`` appears on current page.</doc>
<status status="PASS" starttime="20211229 15:04:48.982" endtime="20211229 15:04:49.012"/>
</kw>
<kw name="Click Element" library="SeleniumLibrary">
<arg>${shoes_tab}</arg>
<doc>Click element identified by ``locator``.</doc>
<msg timestamp="20211229 15:04:49.013" level="INFO">Clicking element 'xpath:/html/body/div[6]/div[3]/div/div[3]/div/div[2]/div[1]/div/div[1]/div/div/a/img'.</msg>
<status status="PASS" starttime="20211229 15:04:49.012" endtime="20211229 15:04:50.457"/>
</kw>
<status status="PASS" starttime="20211229 15:04:47.546" endtime="20211229 15:04:50.457"/>
</kw>
<kw name="Select the first product" library="check_buy_resources">
<kw name="Click Element" library="SeleniumLibrary">
<arg>${add_to_cart_1}</arg>
<doc>Click element identified by ``locator``.</doc>
<msg timestamp="20211229 15:04:50.458" level="INFO">Clicking element 'xpath:/html/body/div[6]/div[3]/div/div[3]/div/div[2]/div[2]/div[2]/div/div/div[1]/div/div[2]/div[3]/div[2]/button[1]'.</msg>
<status status="PASS" starttime="20211229 15:04:50.458" endtime="20211229 15:04:50.516"/>
</kw>
<kw name="Wait Until Page Contains Element" library="SeleniumLibrary">
<arg>${product_1_size}</arg>
<doc>Waits until element ``locator`` appears on current page.</doc>
<status status="PASS" starttime="20211229 15:04:50.516" endtime="20211229 15:04:52.631"/>
</kw>
<kw name="Select From List By Index" library="SeleniumLibrary">
<arg>${product_1_size}</arg>
<arg>3</arg>
<doc>Selects options from selection list ``locator`` by ``indexes``.</doc>
<msg timestamp="20211229 15:04:52.631" level="INFO">Selecting options from selection list 'id:product_attribute_6' by index 3.</msg>
<status status="PASS" starttime="20211229 15:04:52.631" endtime="20211229 15:04:52.723"/>
</kw>
<kw name="Select From List By Index" library="SeleniumLibrary">
<arg>${product_1_color}</arg>
<arg>1</arg>
<doc>Selects options from selection list ``locator`` by ``indexes``.</doc>
<msg timestamp="20211229 15:04:52.724" level="INFO">Selecting options from selection list 'id:product_attribute_7' by index 1.</msg>
<status status="PASS" starttime="20211229 15:04:52.723" endtime="20211229 15:04:52.804"/>
</kw>
<kw name="Click Element" library="SeleniumLibrary">
<arg>${product_1_print}</arg>
<doc>Click element identified by ``locator``.</doc>
<msg timestamp="20211229 15:04:52.804" level="INFO">Clicking element 'xpath://*[@id="image-squares-8"]/li[2]/label/span/span'.</msg>
<status status="PASS" starttime="20211229 15:04:52.804" endtime="20211229 15:04:52.848"/>
</kw>
<kw name="Click Element" library="SeleniumLibrary">
<arg>xpath://*[@id="main-product-img-24"]</arg>
<doc>Click element identified by ``locator``.</doc>
<msg timestamp="20211229 15:04:52.848" level="INFO">Clicking element 'xpath://*[@id="main-product-img-24"]'.</msg>
<status status="PASS" starttime="20211229 15:04:52.848" endtime="20211229 15:04:52.888"/>
</kw>
<status status="PASS" starttime="20211229 15:04:50.457" endtime="20211229 15:04:52.889"/>
</kw>
<kw name="Select the quantity" library="check_buy_resources">
<arg>2</arg>
<kw name="Input Text" library="SeleniumLibrary">
<arg>${product_1_quantity}</arg>
<arg>${quantity}</arg>
<doc>Types the given ``text`` into text field identified by ``locator``.</doc>
<msg timestamp="20211229 15:04:52.890" level="INFO">Typing text '2' into text field 'xpath://*[@id="product_enteredQuantity_24"]'.</msg>
<status status="PASS" starttime="20211229 15:04:52.890" endtime="20211229 15:04:53.001"/>
</kw>
<status status="PASS" starttime="20211229 15:04:52.889" endtime="20211229 15:04:53.001"/>
</kw>
<kw name="Sleep" library="BuiltIn">
<arg>1</arg>
<doc>Pauses the test executed for the given time.</doc>
<msg timestamp="20211229 15:04:54.013" level="INFO">Slept 1 second</msg>
<status status="PASS" starttime="20211229 15:04:53.001" endtime="20211229 15:04:54.013"/>
</kw>
<kw name="Add it to cart" library="check_buy_resources">
<kw name="Sleep" library="BuiltIn">
<arg>2s</arg>
<doc>Pauses the test executed for the given time.</doc>
<msg timestamp="20211229 15:04:56.020" level="INFO">Slept 2 seconds</msg>
<status status="PASS" starttime="20211229 15:04:54.015" endtime="20211229 15:04:56.020"/>
</kw>
<kw name="Click Element" library="SeleniumLibrary">
<arg>${add_to_buy}</arg>
<doc>Click element identified by ``locator``.</doc>
<msg timestamp="20211229 15:04:56.021" level="INFO">Clicking element 'id:add-to-cart-button-24'.</msg>
<status status="PASS" starttime="20211229 15:04:56.020" endtime="20211229 15:04:56.081"/>
</kw>
<status status="PASS" starttime="20211229 15:04:54.014" endtime="20211229 15:04:56.082"/>
</kw>
<kw name="Go to cart" library="check_buy_resources">
<kw name="Wait Until Page Contains Element" library="SeleniumLibrary">
<arg>${cart_tab}</arg>
<doc>Waits until element ``locator`` appears on current page.</doc>
<status status="PASS" starttime="20211229 15:04:56.083" endtime="20211229 15:04:56.095"/>
</kw>
<kw name="Click Element" library="SeleniumLibrary">
<arg>${cart_tab}</arg>
<doc>Click element identified by ``locator``.</doc>
<msg timestamp="20211229 15:04:56.095" level="INFO">Clicking element 'id:topcartlink'.</msg>
<status status="PASS" starttime="20211229 15:04:56.095" endtime="20211229 15:04:56.714"/>
</kw>
<status status="PASS" starttime="20211229 15:04:56.082" endtime="20211229 15:04:56.714"/>
</kw>
<status status="PASS" starttime="20211229 15:04:47.545" endtime="20211229 15:04:56.714"/>
</kw>
<kw name="Get Text" library="SeleniumLibrary">
<var>${i_price}</var>
<arg>${item_price}</arg>
<doc>Returns the text value of element identified by ``locator``.</doc>
<msg timestamp="20211229 15:04:56.738" level="INFO">${i_price} = $40.00</msg>
<status status="PASS" starttime="20211229 15:04:56.714" endtime="20211229 15:04:56.738"/>
</kw>
<kw name="Log To Console" library="BuiltIn">
<arg>${i_price}</arg>
<doc>Logs the given message to the console.</doc>
<status status="PASS" starttime="20211229 15:04:56.738" endtime="20211229 15:04:56.738"/>
</kw>
<kw name="Get Text" library="SeleniumLibrary">
<var>${t_price}</var>
<arg>${total_price}</arg>
<doc>Returns the text value of element identified by ``locator``.</doc>
<msg timestamp="20211229 15:04:56.760" level="INFO">${t_price} = $80.00</msg>
<status status="PASS" starttime="20211229 15:04:56.739" endtime="20211229 15:04:56.760"/>
</kw>
<kw name="Log To Console" library="BuiltIn">
<arg>${t_price}</arg>
<doc>Logs the given message to the console.</doc>
<status status="PASS" starttime="20211229 15:04:56.760" endtime="20211229 15:04:56.761"/>
</kw>
<kw name="Capture Page Screenshot" library="SeleniumLibrary">
<arg>C:/Users/anton/PycharmProjects/Automation_testing/ecommerce_demo_robotframework/Screenshots/price.png</arg>
<doc>Takes screenshot of the current page and embeds it into log file.</doc>
<msg timestamp="20211229 15:04:56.911" level="INFO" html="true">&lt;/td&gt;&lt;/tr&gt;&lt;tr&gt;&lt;td colspan="3"&gt;&lt;a href="../../../Screenshots/price.png"&gt;&lt;img src="../../../Screenshots/price.png" width="800px"&gt;&lt;/a&gt;</msg>
<status status="PASS" starttime="20211229 15:04:56.761" endtime="20211229 15:04:56.911"/>
</kw>
<kw name="Evaluate" library="BuiltIn">
<var>${final_price}</var>
<arg>${i_price[1:]}!=${t_price[1:]}</arg>
<doc>Evaluates the given expression in Python and returns the result.</doc>
<msg timestamp="20211229 15:04:56.915" level="INFO">${final_price} = True</msg>
<status status="PASS" starttime="20211229 15:04:56.911" endtime="20211229 15:04:56.915"/>
</kw>
<status status="PASS" starttime="20211229 15:04:47.543" endtime="20211229 15:04:56.916"/>
</test>
<test id="s1-s1-t2" name="Buying as a guest">
<kw name="Buying an item">
<kw name="Go to Apparel tab" library="check_buy_resources">
<kw name="Click Element" library="SeleniumLibrary">
<arg>${apparel_tab}</arg>
<doc>Click element identified by ``locator``.</doc>
<msg timestamp="20211229 15:04:56.921" level="INFO">Clicking element 'xpath:/html/body/div[6]/div[2]/ul[1]/li[3]/a'.</msg>
<status status="PASS" starttime="20211229 15:04:56.920" endtime="20211229 15:04:57.395"/>
</kw>
<kw name="Wait Until Page Contains Element" library="SeleniumLibrary">
<arg>${shoes_tab}</arg>
<doc>Waits until element ``locator`` appears on current page.</doc>
<status status="PASS" starttime="20211229 15:04:57.397" endtime="20211229 15:04:57.409"/>
</kw>
<kw name="Click Element" library="SeleniumLibrary">
<arg>${shoes_tab}</arg>
<doc>Click element identified by ``locator``.</doc>
<msg timestamp="20211229 15:04:57.410" level="INFO">Clicking element 'xpath:/html/body/div[6]/div[3]/div/div[3]/div/div[2]/div[1]/div/div[1]/div/div/a/img'.</msg>
<status status="PASS" starttime="20211229 15:04:57.410" endtime="20211229 15:04:57.908"/>
</kw>
<status status="PASS" starttime="20211229 15:04:56.919" endtime="20211229 15:04:57.909"/>
</kw>
<kw name="Select the first product" library="check_buy_resources">
<kw name="Click Element" library="SeleniumLibrary">
<arg>${add_to_cart_1}</arg>
<doc>Click element identified by ``locator``.</doc>
<msg timestamp="20211229 15:04:57.911" level="INFO">Clicking element 'xpath:/html/body/div[6]/div[3]/div/div[3]/div/div[2]/div[2]/div[2]/div/div/div[1]/div/div[2]/div[3]/div[2]/button[1]'.</msg>
<status status="PASS" starttime="20211229 15:04:57.910" endtime="20211229 15:04:57.975"/>
</kw>
<kw name="Wait Until Page Contains Element" library="SeleniumLibrary">
<arg>${product_1_size}</arg>
<doc>Waits until element ``locator`` appears on current page.</doc>
<status status="PASS" starttime="20211229 15:04:57.975" endtime="20211229 15:04:59.896"/>
</kw>
<kw name="Select From List By Index" library="SeleniumLibrary">
<arg>${product_1_size}</arg>
<arg>3</arg>
<doc>Selects options from selection list ``locator`` by ``indexes``.</doc>
<msg timestamp="20211229 15:04:59.897" level="INFO">Selecting options from selection list 'id:product_attribute_6' by index 3.</msg>
<status status="PASS" starttime="20211229 15:04:59.896" endtime="20211229 15:05:00.000"/>
</kw>
<kw name="Select From List By Index" library="SeleniumLibrary">
<arg>${product_1_color}</arg>
<arg>1</arg>
<doc>Selects options from selection list ``locator`` by ``indexes``.</doc>
<msg timestamp="20211229 15:05:00.001" level="INFO">Selecting options from selection list 'id:product_attribute_7' by index 1.</msg>
<status status="PASS" starttime="20211229 15:05:00.000" endtime="20211229 15:05:00.085"/>
</kw>
<kw name="Click Element" library="SeleniumLibrary">
<arg>${product_1_print}</arg>
<doc>Click element identified by ``locator``.</doc>
<msg timestamp="20211229 15:05:00.085" level="INFO">Clicking element 'xpath://*[@id="image-squares-8"]/li[2]/label/span/span'.</msg>
<status status="PASS" starttime="20211229 15:05:00.085" endtime="20211229 15:05:00.125"/>
</kw>
<kw name="Click Element" library="SeleniumLibrary">
<arg>xpath://*[@id="main-product-img-24"]</arg>
<doc>Click element identified by ``locator``.</doc>
<msg timestamp="20211229 15:05:00.125" level="INFO">Clicking element 'xpath://*[@id="main-product-img-24"]'.</msg>
<status status="PASS" starttime="20211229 15:05:00.125" endtime="20211229 15:05:00.163"/>
</kw>
<status status="PASS" starttime="20211229 15:04:57.909" endtime="20211229 15:05:00.163"/>
</kw>
<kw name="Select the quantity" library="check_buy_resources">
<arg>2</arg>
<kw name="Input Text" library="SeleniumLibrary">
<arg>${product_1_quantity}</arg>
<arg>${quantity}</arg>
<doc>Types the given ``text`` into text field identified by ``locator``.</doc>
<msg timestamp="20211229 15:05:00.165" level="INFO">Typing text '2' into text field 'xpath://*[@id="product_enteredQuantity_24"]'.</msg>
<status status="PASS" starttime="20211229 15:05:00.165" endtime="20211229 15:05:00.254"/>
</kw>
<status status="PASS" starttime="20211229 15:05:00.164" endtime="20211229 15:05:00.254"/>
</kw>
<kw name="Sleep" library="BuiltIn">
<arg>1</arg>
<doc>Pauses the test executed for the given time.</doc>
<msg timestamp="20211229 15:05:01.265" level="INFO">Slept 1 second</msg>
<status status="PASS" starttime="20211229 15:05:00.255" endtime="20211229 15:05:01.265"/>
</kw>
<kw name="Add it to cart" library="check_buy_resources">
<kw name="Sleep" library="BuiltIn">
<arg>2s</arg>
<doc>Pauses the test executed for the given time.</doc>
<msg timestamp="20211229 15:05:03.278" level="INFO">Slept 2 seconds</msg>
<status status="PASS" starttime="20211229 15:05:01.266" endtime="20211229 15:05:03.278"/>
</kw>
<kw name="Click Element" library="SeleniumLibrary">
<arg>${add_to_buy}</arg>
<doc>Click element identified by ``locator``.</doc>
<msg timestamp="20211229 15:05:03.278" level="INFO">Clicking element 'id:add-to-cart-button-24'.</msg>
<status status="PASS" starttime="20211229 15:05:03.278" endtime="20211229 15:05:03.319"/>
</kw>
<status status="PASS" starttime="20211229 15:05:01.265" endtime="20211229 15:05:03.320"/>
</kw>
<kw name="Go to cart" library="check_buy_resources">
<kw name="Wait Until Page Contains Element" library="SeleniumLibrary">
<arg>${cart_tab}</arg>
<doc>Waits until element ``locator`` appears on current page.</doc>
<status status="PASS" starttime="20211229 15:05:03.320" endtime="20211229 15:05:03.328"/>
</kw>
<kw name="Click Element" library="SeleniumLibrary">
<arg>${cart_tab}</arg>
<doc>Click element identified by ``locator``.</doc>
<msg timestamp="20211229 15:05:03.329" level="INFO">Clicking element 'id:topcartlink'.</msg>
<status status="PASS" starttime="20211229 15:05:03.328" endtime="20211229 15:05:04.116"/>
</kw>
<status status="PASS" starttime="20211229 15:05:03.320" endtime="20211229 15:05:04.117"/>
</kw>
<status status="PASS" starttime="20211229 15:04:56.918" endtime="20211229 15:05:04.117"/>
</kw>
<kw name="Agree terms of service" library="check_buy_resources">
<kw name="Wait Until Page Contains Element" library="SeleniumLibrary">
<arg>${agree_terms}</arg>
<doc>Waits until element ``locator`` appears on current page.</doc>
<status status="PASS" starttime="20211229 15:05:04.118" endtime="20211229 15:05:04.147"/>
</kw>
<kw name="Click Element" library="SeleniumLibrary">
<arg>${agree_terms}</arg>
<doc>Click element identified by ``locator``.</doc>
<msg timestamp="20211229 15:05:04.148" level="INFO">Clicking element 'id:termsofservice'.</msg>
<status status="PASS" starttime="20211229 15:05:04.147" endtime="20211229 15:05:04.215"/>
</kw>
<status status="PASS" starttime="20211229 15:05:04.117" endtime="20211229 15:05:04.216"/>
</kw>
<kw name="Click Element" library="SeleniumLibrary">
<arg>${checkout_btn}</arg>
<doc>Click element identified by ``locator``.</doc>
<msg timestamp="20211229 15:05:04.217" level="INFO">Clicking element 'id:checkout'.</msg>
<status status="PASS" starttime="20211229 15:05:04.216" endtime="20211229 15:05:04.961"/>
</kw>
<kw name="Page Should Contain Element" library="SeleniumLibrary">
<arg>${checkout_guest}</arg>
<doc>Verifies that element ``locator`` is found on the current page.</doc>
<msg timestamp="20211229 15:05:04.973" level="INFO">Current page contains element 'xpath:/html/body/div[6]/div[3]/div/div/div/div[2]/div[1]/div[1]/div[3]/button[1]'.</msg>
<status status="PASS" starttime="20211229 15:05:04.961" endtime="20211229 15:05:04.973"/>
</kw>
<status status="PASS" starttime="20211229 15:04:56.917" endtime="20211229 15:05:04.974"/>
</test>
<test id="s1-s1-t3" name="Removing an item from the cart">
<kw name="Buying an item">
<kw name="Go to Apparel tab" library="check_buy_resources">
<kw name="Click Element" library="SeleniumLibrary">
<arg>${apparel_tab}</arg>
<doc>Click element identified by ``locator``.</doc>
<msg timestamp="20211229 15:05:04.976" level="INFO">Clicking element 'xpath:/html/body/div[6]/div[2]/ul[1]/li[3]/a'.</msg>
<status status="PASS" starttime="20211229 15:05:04.975" endtime="20211229 15:05:05.393"/>
</kw>
<kw name="Wait Until Page Contains Element" library="SeleniumLibrary">
<arg>${shoes_tab}</arg>
<doc>Waits until element ``locator`` appears on current page.</doc>
<status status="PASS" starttime="20211229 15:05:05.393" endtime="20211229 15:05:05.402"/>
</kw>
<kw name="Click Element" library="SeleniumLibrary">
<arg>${shoes_tab}</arg>
<doc>Click element identified by ``locator``.</doc>
<msg timestamp="20211229 15:05:05.403" level="INFO">Clicking element 'xpath:/html/body/div[6]/div[3]/div/div[3]/div/div[2]/div[1]/div/div[1]/div/div/a/img'.</msg>
<status status="PASS" starttime="20211229 15:05:05.403" endtime="20211229 15:05:05.856"/>
</kw>
<status status="PASS" starttime="20211229 15:05:04.975" endtime="20211229 15:05:05.857"/>
</kw>
<kw name="Select the first product" library="check_buy_resources">
<kw name="Click Element" library="SeleniumLibrary">
<arg>${add_to_cart_1}</arg>
<doc>Click element identified by ``locator``.</doc>
<msg timestamp="20211229 15:05:05.858" level="INFO">Clicking element 'xpath:/html/body/div[6]/div[3]/div/div[3]/div/div[2]/div[2]/div[2]/div/div/div[1]/div/div[2]/div[3]/div[2]/button[1]'.</msg>
<status status="PASS" starttime="20211229 15:05:05.858" endtime="20211229 15:05:05.909"/>
</kw>
<kw name="Wait Until Page Contains Element" library="SeleniumLibrary">
<arg>${product_1_size}</arg>
<doc>Waits until element ``locator`` appears on current page.</doc>
<status status="PASS" starttime="20211229 15:05:05.909" endtime="20211229 15:05:07.537"/>
</kw>
<kw name="Select From List By Index" library="SeleniumLibrary">
<arg>${product_1_size}</arg>
<arg>3</arg>
<doc>Selects options from selection list ``locator`` by ``indexes``.</doc>
<msg timestamp="20211229 15:05:07.538" level="INFO">Selecting options from selection list 'id:product_attribute_6' by index 3.</msg>
<status status="PASS" starttime="20211229 15:05:07.537" endtime="20211229 15:05:07.635"/>
</kw>
<kw name="Select From List By Index" library="SeleniumLibrary">
<arg>${product_1_color}</arg>
<arg>1</arg>
<doc>Selects options from selection list ``locator`` by ``indexes``.</doc>
<msg timestamp="20211229 15:05:07.636" level="INFO">Selecting options from selection list 'id:product_attribute_7' by index 1.</msg>
<status status="PASS" starttime="20211229 15:05:07.635" endtime="20211229 15:05:07.724"/>
</kw>
<kw name="Click Element" library="SeleniumLibrary">
<arg>${product_1_print}</arg>
<doc>Click element identified by ``locator``.</doc>
<msg timestamp="20211229 15:05:07.724" level="INFO">Clicking element 'xpath://*[@id="image-squares-8"]/li[2]/label/span/span'.</msg>
<status status="PASS" starttime="20211229 15:05:07.724" endtime="20211229 15:05:07.765"/>
</kw>
<kw name="Click Element" library="SeleniumLibrary">
<arg>xpath://*[@id="main-product-img-24"]</arg>
<doc>Click element identified by ``locator``.</doc>
<msg timestamp="20211229 15:05:07.765" level="INFO">Clicking element 'xpath://*[@id="main-product-img-24"]'.</msg>
<status status="PASS" starttime="20211229 15:05:07.765" endtime="20211229 15:05:07.808"/>
</kw>
<status status="PASS" starttime="20211229 15:05:05.857" endtime="20211229 15:05:07.808"/>
</kw>
<kw name="Select the quantity" library="check_buy_resources">
<arg>2</arg>
<kw name="Input Text" library="SeleniumLibrary">
<arg>${product_1_quantity}</arg>
<arg>${quantity}</arg>
<doc>Types the given ``text`` into text field identified by ``locator``.</doc>
<msg timestamp="20211229 15:05:07.810" level="INFO">Typing text '2' into text field 'xpath://*[@id="product_enteredQuantity_24"]'.</msg>
<status status="PASS" starttime="20211229 15:05:07.810" endtime="20211229 15:05:07.896"/>
</kw>
<status status="PASS" starttime="20211229 15:05:07.808" endtime="20211229 15:05:07.897"/>
</kw>
<kw name="Sleep" library="BuiltIn">
<arg>1</arg>
<doc>Pauses the test executed for the given time.</doc>
<msg timestamp="20211229 15:05:08.908" level="INFO">Slept 1 second</msg>
<status status="PASS" starttime="20211229 15:05:07.897" endtime="20211229 15:05:08.908"/>
</kw>
<kw name="Add it to cart" library="check_buy_resources">
<kw name="Sleep" library="BuiltIn">
<arg>2s</arg>
<doc>Pauses the test executed for the given time.</doc>
<msg timestamp="20211229 15:05:10.923" level="INFO">Slept 2 seconds</msg>
<status status="PASS" starttime="20211229 15:05:08.909" endtime="20211229 15:05:10.923"/>
</kw>
<kw name="Click Element" library="SeleniumLibrary">
<arg>${add_to_buy}</arg>
<doc>Click element identified by ``locator``.</doc>
<msg timestamp="20211229 15:05:10.924" level="INFO">Clicking element 'id:add-to-cart-button-24'.</msg>
<status status="PASS" starttime="20211229 15:05:10.923" endtime="20211229 15:05:10.967"/>
</kw>
<status status="PASS" starttime="20211229 15:05:08.908" endtime="20211229 15:05:10.967"/>
</kw>
<kw name="Go to cart" library="check_buy_resources">
<kw name="Wait Until Page Contains Element" library="SeleniumLibrary">
<arg>${cart_tab}</arg>
<doc>Waits until element ``locator`` appears on current page.</doc>
<status status="PASS" starttime="20211229 15:05:10.968" endtime="20211229 15:05:10.975"/>
</kw>
<kw name="Click Element" library="SeleniumLibrary">
<arg>${cart_tab}</arg>
<doc>Click element identified by ``locator``.</doc>
<msg timestamp="20211229 15:05:10.976" level="INFO">Clicking element 'id:topcartlink'.</msg>
<status status="PASS" starttime="20211229 15:05:10.975" endtime="20211229 15:05:11.500"/>
</kw>
<status status="PASS" starttime="20211229 15:05:10.968" endtime="20211229 15:05:11.500"/>
</kw>
<status status="PASS" starttime="20211229 15:05:04.975" endtime="20211229 15:05:11.501"/>
</kw>
<kw name="Remove the item from the cart" library="check_buy_resources">
<kw name="Click Element" library="SeleniumLibrary">
<arg>${remove_btn}</arg>
<doc>Click element identified by ``locator``.</doc>
<msg timestamp="20211229 15:05:11.503" level="INFO">Clicking element 'xpath://*[@id="shopping-cart-form"]/div[1]/table/tbody/tr/td[7]/button'.</msg>
<status status="PASS" starttime="20211229 15:05:11.502" endtime="20211229 15:05:12.030"/>
</kw>
<status status="PASS" starttime="20211229 15:05:11.501" endtime="20211229 15:05:12.030"/>
</kw>
<kw name="Wait Until Page Contains Element" library="SeleniumLibrary">
<arg>${empty_cart}</arg>
<doc>Waits until element ``locator`` appears on current page.</doc>
<status status="PASS" starttime="20211229 15:05:12.030" endtime="20211229 15:05:12.042"/>
</kw>
<kw name="Page Should Contain Element" library="SeleniumLibrary">
<arg>${empty_cart}</arg>
<doc>Verifies that element ``locator`` is found on the current page.</doc>
<msg timestamp="20211229 15:05:12.051" level="INFO">Current page contains element 'xpath:/html/body/div[6]/div[3]/div/div/div/div[2]/div/div'.</msg>
<status status="PASS" starttime="20211229 15:05:12.043" endtime="20211229 15:05:12.051"/>
</kw>
<status status="PASS" starttime="20211229 15:05:04.974" endtime="20211229 15:05:12.051"/>
</test>
<kw name="Close browsers" library="check_buy_resources" type="TEARDOWN">
<kw name="Close All Browsers" library="SeleniumLibrary">
<doc>Closes all open browsers and resets the browser cache.</doc>
<status status="PASS" starttime="20211229 15:05:12.052" endtime="20211229 15:05:14.160"/>
</kw>
<status status="PASS" starttime="20211229 15:05:12.052" endtime="20211229 15:05:14.160"/>
</kw>
<status status="PASS" starttime="20211229 15:04:42.992" endtime="20211229 15:05:14.160"/>
</suite>
<status status="PASS" starttime="20211229 15:04:42.961" endtime="20211229 15:05:14.162"/>
</suite>
<statistics>
<total>
<stat pass="3" fail="0" skip="0">All Tests</stat>
</total>
<tag>
</tag>
<suite>
<stat pass="3" fail="0" skip="0" id="s1" name="TestCases">TestCases</stat>
<stat pass="3" fail="0" skip="0" id="s1-s1" name="Buy Checking">TestCases.Buy Checking</stat>
</suite>
</statistics>
<errors>
</errors>
</robot>
