<?xml version="1.0" encoding="UTF-8"?>
<robot generator="Robot 4.1.3 (Python 3.10.0 on win32)" generated="20211231 17:38:48.070" rpa="false" schemaversion="2">
<suite id="s1" name="Change Currency" source="C:\Users\anton\PycharmProjects\Automation_testing\ecommerce_demo_robotframework\TestCases\change_currency.robot">
<kw name="Open my browser" library="price_checker_resources" type="SETUP">
<arg>${url}</arg>
<arg>${browser}</arg>
<kw name="Open Browser" library="SeleniumLibrary">
<arg>${url}</arg>
<arg>${browser}</arg>
<doc>Opens a new browser instance to the given ``url``.</doc>
<msg timestamp="20211231 17:38:48.452" level="INFO">Opening browser 'chrome' to base url 'https://demo.nopcommerce.com/'.</msg>
<status status="PASS" starttime="20211231 17:38:48.452" endtime="20211231 17:38:54.477"/>
</kw>
<kw name="Maximize Browser Window" library="SeleniumLibrary">
<doc>Maximizes current browser window.</doc>
<status status="PASS" starttime="20211231 17:38:54.477" endtime="20211231 17:38:54.606"/>
</kw>
<status status="PASS" starttime="20211231 17:38:48.451" endtime="20211231 17:38:54.606"/>
</kw>
<test id="s1-t1" name="Euro checker currency">
<kw name="Changing currency on website">
<kw name="Go to desktop tab" library="price_checker_resources">
<kw name="Click Element" library="SeleniumLibrary">
<arg>${computers_tab}</arg>
<doc>Click element identified by ``locator``.</doc>
<msg timestamp="20211231 17:38:54.609" level="INFO">Clicking element 'xpath:/html/body/div[6]/div[2]/ul[1]/li[1]/a'.</msg>
<status status="PASS" starttime="20211231 17:38:54.608" endtime="20211231 17:38:57.554"/>
</kw>
<kw name="Wait Until Page Contains Element" library="SeleniumLibrary">
<arg>${desktop_tab}</arg>
<doc>Waits until element ``locator`` appears on current page.</doc>
<status status="PASS" starttime="20211231 17:38:57.554" endtime="20211231 17:38:57.569"/>
</kw>
<kw name="Click Element" library="SeleniumLibrary">
<arg>${desktop_tab}</arg>
<doc>Click element identified by ``locator``.</doc>
<msg timestamp="20211231 17:38:57.570" level="INFO">Clicking element 'xpath:/html/body/div[6]/div[3]/div/div[3]/div/div[2]/div[1]/div/div[1]/div/div/a/img'.</msg>
<status status="PASS" starttime="20211231 17:38:57.569" endtime="20211231 17:38:59.989"/>
</kw>
<status status="PASS" starttime="20211231 17:38:54.608" endtime="20211231 17:38:59.990"/>
</kw>
<kw name="Get Text" library="SeleniumLibrary">
<var>${first_price}</var>
<arg>${dollar_price}</arg>
<doc>Returns the text value of element identified by ``locator``.</doc>
<msg timestamp="20211231 17:39:00.016" level="INFO">${first_price} = $1,200.00</msg>
<status status="PASS" starttime="20211231 17:38:59.990" endtime="20211231 17:39:00.017"/>
</kw>
<kw name="Log To Console" library="BuiltIn">
<arg>${first_price}</arg>
<doc>Logs the given message to the console.</doc>
<status status="PASS" starttime="20211231 17:39:00.017" endtime="20211231 17:39:00.017"/>
</kw>
<kw name="Select the other currency" library="price_checker_resources">
<kw name="Select From List By Index" library="SeleniumLibrary">
<arg>${currency_changer}</arg>
<arg>1</arg>
<doc>Selects options from selection list ``locator`` by ``indexes``.</doc>
<msg timestamp="20211231 17:39:00.018" level="INFO">Selecting options from selection list 'id:customerCurrency' by index 1.</msg>
<status status="PASS" starttime="20211231 17:39:00.018" endtime="20211231 17:39:02.274"/>
</kw>
<status status="PASS" starttime="20211231 17:39:00.017" endtime="20211231 17:39:02.274"/>
</kw>
<kw name="Sleep" library="BuiltIn">
<arg>2s</arg>
<doc>Pauses the test executed for the given time.</doc>
<msg timestamp="20211231 17:39:04.280" level="INFO">Slept 2 seconds</msg>
<status status="PASS" starttime="20211231 17:39:02.274" endtime="20211231 17:39:04.280"/>
</kw>
<kw name="Get Text" library="SeleniumLibrary">
<var>${updated_price}</var>
<arg>${euro_price}</arg>
<doc>Returns the text value of element identified by ``locator``.</doc>
<msg timestamp="20211231 17:39:04.307" level="INFO">${updated_price} = €1032.00</msg>
<status status="PASS" starttime="20211231 17:39:04.280" endtime="20211231 17:39:04.308"/>
</kw>
<kw name="Log To Console" library="BuiltIn">
<arg>${updated_price}</arg>
<doc>Logs the given message to the console.</doc>
<status status="PASS" starttime="20211231 17:39:04.309" endtime="20211231 17:39:04.309"/>
</kw>
<kw name="Evaluate" library="BuiltIn">
<var>${final_price}</var>
<arg>${first_price[1:]}!=${updated_price[1:]}</arg>
<doc>Evaluates the given expression in Python and returns the result.</doc>
<msg timestamp="20211231 17:39:04.313" level="INFO">${final_price} = (1, True)</msg>
<status status="PASS" starttime="20211231 17:39:04.309" endtime="20211231 17:39:04.313"/>
</kw>
<status status="PASS" starttime="20211231 17:38:54.608" endtime="20211231 17:39:04.313"/>
</kw>
<status status="PASS" starttime="20211231 17:38:54.606" endtime="20211231 17:39:04.314"/>
</test>
<test id="s1-t2" name="Dolar checker currency">
<kw name="Getting the first currency back">
<kw name="Go to desktop tab" library="price_checker_resources">
<kw name="Click Element" library="SeleniumLibrary">
<arg>${computers_tab}</arg>
<doc>Click element identified by ``locator``.</doc>
<msg timestamp="20211231 17:39:04.317" level="INFO">Clicking element 'xpath:/html/body/div[6]/div[2]/ul[1]/li[1]/a'.</msg>
<status status="PASS" starttime="20211231 17:39:04.317" endtime="20211231 17:39:04.762"/>
</kw>
<kw name="Wait Until Page Contains Element" library="SeleniumLibrary">
<arg>${desktop_tab}</arg>
<doc>Waits until element ``locator`` appears on current page.</doc>
<status status="PASS" starttime="20211231 17:39:04.762" endtime="20211231 17:39:04.777"/>
</kw>
<kw name="Click Element" library="SeleniumLibrary">
<arg>${desktop_tab}</arg>
<doc>Click element identified by ``locator``.</doc>
<msg timestamp="20211231 17:39:04.777" level="INFO">Clicking element 'xpath:/html/body/div[6]/div[3]/div/div[3]/div/div[2]/div[1]/div/div[1]/div/div/a/img'.</msg>
<status status="PASS" starttime="20211231 17:39:04.777" endtime="20211231 17:39:05.966"/>
</kw>
<status status="PASS" starttime="20211231 17:39:04.317" endtime="20211231 17:39:05.966"/>
</kw>
<kw name="Select the other currency" library="price_checker_resources">
<kw name="Select From List By Index" library="SeleniumLibrary">
<arg>${currency_changer}</arg>
<arg>1</arg>
<doc>Selects options from selection list ``locator`` by ``indexes``.</doc>
<msg timestamp="20211231 17:39:05.967" level="INFO">Selecting options from selection list 'id:customerCurrency' by index 1.</msg>
<status status="PASS" starttime="20211231 17:39:05.967" endtime="20211231 17:39:06.038"/>
</kw>
<status status="PASS" starttime="20211231 17:39:05.966" endtime="20211231 17:39:06.038"/>
</kw>
<kw name="Sleep" library="BuiltIn">
<arg>2s</arg>
<doc>Pauses the test executed for the given time.</doc>
<msg timestamp="20211231 17:39:08.053" level="INFO">Slept 2 seconds</msg>
<status status="PASS" starttime="20211231 17:39:06.039" endtime="20211231 17:39:08.053"/>
</kw>
<kw name="Get Text" library="SeleniumLibrary">
<var>${first_price}</var>
<arg>${euro_price}</arg>
<doc>Returns the text value of element identified by ``locator``.</doc>
<msg timestamp="20211231 17:39:08.073" level="INFO">${first_price} = €1032.00</msg>
<status status="PASS" starttime="20211231 17:39:08.053" endtime="20211231 17:39:08.074"/>
</kw>
<kw name="Log To Console" library="BuiltIn">
<arg>${first_price}</arg>
<doc>Logs the given message to the console.</doc>
<status status="PASS" starttime="20211231 17:39:08.074" endtime="20211231 17:39:08.074"/>
</kw>
<kw name="Select the first currency" library="price_checker_resources">
<kw name="Select From List By Index" library="SeleniumLibrary">
<arg>${currency_changer}</arg>
<arg>0</arg>
<doc>Selects options from selection list ``locator`` by ``indexes``.</doc>
<msg timestamp="20211231 17:39:08.075" level="INFO">Selecting options from selection list 'id:customerCurrency' by index 0.</msg>
<status status="PASS" starttime="20211231 17:39:08.075" endtime="20211231 17:39:09.560"/>
</kw>
<status status="PASS" starttime="20211231 17:39:08.074" endtime="20211231 17:39:09.561"/>
</kw>
<kw name="Sleep" library="BuiltIn">
<arg>2s</arg>
<doc>Pauses the test executed for the given time.</doc>
<msg timestamp="20211231 17:39:11.566" level="INFO">Slept 2 seconds</msg>
<status status="PASS" starttime="20211231 17:39:09.561" endtime="20211231 17:39:11.566"/>
</kw>
<kw name="Get Text" library="SeleniumLibrary">
<var>${updated_price}</var>
<arg>${dollar_price}</arg>
<doc>Returns the text value of element identified by ``locator``.</doc>
<msg timestamp="20211231 17:39:11.591" level="INFO">${updated_price} = $1,200.00</msg>
<status status="PASS" starttime="20211231 17:39:11.566" endtime="20211231 17:39:11.591"/>
</kw>
<kw name="Log To Console" library="BuiltIn">
<arg>${updated_price}</arg>
<doc>Logs the given message to the console.</doc>
<status status="PASS" starttime="20211231 17:39:11.592" endtime="20211231 17:39:11.592"/>
</kw>
<kw name="Evaluate" library="BuiltIn">
<var>${final_price}</var>
<arg>${first_price[1:]}!=${updated_price[1:]}</arg>
<doc>Evaluates the given expression in Python and returns the result.</doc>
<msg timestamp="20211231 17:39:11.594" level="INFO">${final_price} = (True, 200.0)</msg>
<status status="PASS" starttime="20211231 17:39:11.592" endtime="20211231 17:39:11.594"/>
</kw>
<status status="PASS" starttime="20211231 17:39:04.316" endtime="20211231 17:39:11.594"/>
</kw>
<status status="PASS" starttime="20211231 17:39:04.316" endtime="20211231 17:39:11.595"/>
</test>
<kw name="Close browsers" library="price_checker_resources" type="TEARDOWN">
<kw name="Close All Browsers" library="SeleniumLibrary">
<doc>Closes all open browsers and resets the browser cache.</doc>
<status status="PASS" starttime="20211231 17:39:11.597" endtime="20211231 17:39:13.742"/>
</kw>
<status status="PASS" starttime="20211231 17:39:11.597" endtime="20211231 17:39:13.742"/>
</kw>
<status status="PASS" starttime="20211231 17:38:48.072" endtime="20211231 17:39:13.742"/>
</suite>
<statistics>
<total>
<stat pass="2" fail="0" skip="0">All Tests</stat>
</total>
<tag>
</tag>
<suite>
<stat pass="2" fail="0" skip="0" id="s1" name="Change Currency">Change Currency</stat>
</suite>
</statistics>
<errors>
</errors>
</robot>
