<?xml version="1.0" encoding="UTF-8"?>
<robot generator="Robot 4.1.3 (Python 3.10.0 on win32)" generated="20211229 14:55:25.816" rpa="false" schemaversion="2">
<suite id="s1" name="Buy Checking" source="C:\Users\anton\PycharmProjects\Automation_testing\ecommerce_demo_robotframework\TestCases\buy_checking.robot">
<kw name="Open my browser" library="check_buy_resources" type="SETUP">
<arg>${url}</arg>
<arg>${browser}</arg>
<kw name="Open Browser" library="SeleniumLibrary">
<arg>${url}</arg>
<arg>${browser}</arg>
<doc>Opens a new browser instance to the given ``url``.</doc>
<msg timestamp="20211229 14:55:26.059" level="INFO">Opening browser 'chrome' to base url 'https://demo.nopcommerce.com/'.</msg>
<status status="PASS" starttime="20211229 14:55:26.059" endtime="20211229 14:55:29.634"/>
</kw>
<kw name="Maximize Browser Window" library="SeleniumLibrary">
<doc>Maximizes current browser window.</doc>
<status status="PASS" starttime="20211229 14:55:29.634" endtime="20211229 14:55:29.750"/>
</kw>
<status status="PASS" starttime="20211229 14:55:26.059" endtime="20211229 14:55:29.750"/>
</kw>
<test id="s1-t1" name="Buying some items and checking the quantity and price">
<kw name="Buying an item">
<kw name="Go to Apparel tab" library="check_buy_resources">
<kw name="Click Element" library="SeleniumLibrary">
<arg>${apparel_tab}</arg>
<doc>Click element identified by ``locator``.</doc>
<msg timestamp="20211229 14:55:29.752" level="INFO">Clicking element 'xpath:/html/body/div[6]/div[2]/ul[1]/li[3]/a'.</msg>
<status status="PASS" starttime="20211229 14:55:29.751" endtime="20211229 14:55:30.297"/>
</kw>
<kw name="Wait Until Page Contains Element" library="SeleniumLibrary">
<arg>${shoes_tab}</arg>
<doc>Waits until element ``locator`` appears on current page.</doc>
<status status="PASS" starttime="20211229 14:55:30.298" endtime="20211229 14:55:30.318"/>
</kw>
<kw name="Click Element" library="SeleniumLibrary">
<arg>${shoes_tab}</arg>
<doc>Click element identified by ``locator``.</doc>
<msg timestamp="20211229 14:55:30.318" level="INFO">Clicking element 'xpath:/html/body/div[6]/div[3]/div/div[3]/div/div[2]/div[1]/div/div[1]/div/div/a/img'.</msg>
<status status="PASS" starttime="20211229 14:55:30.318" endtime="20211229 14:55:31.705"/>
</kw>
<status status="PASS" starttime="20211229 14:55:29.751" endtime="20211229 14:55:31.705"/>
</kw>
<kw name="Select the first product" library="check_buy_resources">
<kw name="Click Element" library="SeleniumLibrary">
<arg>${add_to_cart_1}</arg>
<doc>Click element identified by ``locator``.</doc>
<msg timestamp="20211229 14:55:31.706" level="INFO">Clicking element 'xpath:/html/body/div[6]/div[3]/div/div[3]/div/div[2]/div[2]/div[2]/div/div/div[1]/div/div[2]/div[3]/div[2]/button[1]'.</msg>
<status status="PASS" starttime="20211229 14:55:31.706" endtime="20211229 14:55:31.756"/>
</kw>
<kw name="Wait Until Page Contains Element" library="SeleniumLibrary">
<arg>${product_1_size}</arg>
<doc>Waits until element ``locator`` appears on current page.</doc>
<status status="PASS" starttime="20211229 14:55:31.756" endtime="20211229 14:55:34.581"/>
</kw>
<kw name="Select From List By Index" library="SeleniumLibrary">
<arg>${product_1_size}</arg>
<arg>3</arg>
<doc>Selects options from selection list ``locator`` by ``indexes``.</doc>
<msg timestamp="20211229 14:55:34.582" level="INFO">Selecting options from selection list 'id:product_attribute_6' by index 3.</msg>
<status status="PASS" starttime="20211229 14:55:34.582" endtime="20211229 14:55:34.679"/>
</kw>
<kw name="Select From List By Index" library="SeleniumLibrary">
<arg>${product_1_color}</arg>
<arg>1</arg>
<doc>Selects options from selection list ``locator`` by ``indexes``.</doc>
<msg timestamp="20211229 14:55:34.680" level="INFO">Selecting options from selection list 'id:product_attribute_7' by index 1.</msg>
<status status="PASS" starttime="20211229 14:55:34.680" endtime="20211229 14:55:34.763"/>
</kw>
<kw name="Click Element" library="SeleniumLibrary">
<arg>${product_1_print}</arg>
<doc>Click element identified by ``locator``.</doc>
<msg timestamp="20211229 14:55:34.764" level="INFO">Clicking element 'xpath://*[@id="image-squares-8"]/li[2]/label/span/span'.</msg>
<status status="PASS" starttime="20211229 14:55:34.764" endtime="20211229 14:55:34.808"/>
</kw>
<kw name="Click Element" library="SeleniumLibrary">
<arg>xpath://*[@id="main-product-img-24"]</arg>
<doc>Click element identified by ``locator``.</doc>
<msg timestamp="20211229 14:55:34.809" level="INFO">Clicking element 'xpath://*[@id="main-product-img-24"]'.</msg>
<status status="PASS" starttime="20211229 14:55:34.809" endtime="20211229 14:55:34.848"/>
</kw>
<status status="PASS" starttime="20211229 14:55:31.705" endtime="20211229 14:55:34.848"/>
</kw>
<kw name="Select the quantity" library="check_buy_resources">
<arg>2</arg>
<kw name="Input Text" library="SeleniumLibrary">
<arg>${product_1_quantity}</arg>
<arg>${quantity}</arg>
<doc>Types the given ``text`` into text field identified by ``locator``.</doc>
<msg timestamp="20211229 14:55:34.849" level="INFO">Typing text '2' into text field 'xpath://*[@id="product_enteredQuantity_24"]'.</msg>
<status status="PASS" starttime="20211229 14:55:34.849" endtime="20211229 14:55:34.944"/>
</kw>
<status status="PASS" starttime="20211229 14:55:34.848" endtime="20211229 14:55:34.944"/>
</kw>
<kw name="Sleep" library="BuiltIn">
<arg>1</arg>
<doc>Pauses the test executed for the given time.</doc>
<msg timestamp="20211229 14:55:35.952" level="INFO">Slept 1 second</msg>
<status status="PASS" starttime="20211229 14:55:34.944" endtime="20211229 14:55:35.952"/>
</kw>
<kw name="Add it to cart" library="check_buy_resources">
<kw name="Sleep" library="BuiltIn">
<arg>2s</arg>
<doc>Pauses the test executed for the given time.</doc>
<msg timestamp="20211229 14:55:37.958" level="INFO">Slept 2 seconds</msg>
<status status="PASS" starttime="20211229 14:55:35.952" endtime="20211229 14:55:37.958"/>
</kw>
<kw name="Click Element" library="SeleniumLibrary">
<arg>${add_to_buy}</arg>
<doc>Click element identified by ``locator``.</doc>
<msg timestamp="20211229 14:55:37.958" level="INFO">Clicking element 'id:add-to-cart-button-24'.</msg>
<status status="PASS" starttime="20211229 14:55:37.958" endtime="20211229 14:55:38.007"/>
</kw>
<status status="PASS" starttime="20211229 14:55:35.952" endtime="20211229 14:55:38.007"/>
</kw>
<kw name="Go to cart" library="check_buy_resources">
<kw name="Wait Until Page Contains Element" library="SeleniumLibrary">
<arg>${cart_tab}</arg>
<doc>Waits until element ``locator`` appears on current page.</doc>
<status status="PASS" starttime="20211229 14:55:38.008" endtime="20211229 14:55:38.018"/>
</kw>
<kw name="Click Element" library="SeleniumLibrary">
<arg>${cart_tab}</arg>
<doc>Click element identified by ``locator``.</doc>
<msg timestamp="20211229 14:55:38.018" level="INFO">Clicking element 'id:topcartlink'.</msg>
<status status="PASS" starttime="20211229 14:55:38.018" endtime="20211229 14:55:39.689"/>
</kw>
<status status="PASS" starttime="20211229 14:55:38.007" endtime="20211229 14:55:39.690"/>
</kw>
<status status="PASS" starttime="20211229 14:55:29.751" endtime="20211229 14:55:39.690"/>
</kw>
<kw name="Get Text" library="SeleniumLibrary">
<var>${i_price}</var>
<arg>${item_price}</arg>
<doc>Returns the text value of element identified by ``locator``.</doc>
<msg timestamp="20211229 14:55:39.715" level="INFO">${i_price} = $40.00</msg>
<status status="PASS" starttime="20211229 14:55:39.690" endtime="20211229 14:55:39.715"/>
</kw>
<kw name="Log To Console" library="BuiltIn">
<arg>${i_price}</arg>
<doc>Logs the given message to the console.</doc>
<status status="PASS" starttime="20211229 14:55:39.716" endtime="20211229 14:55:39.716"/>
</kw>
<kw name="Get Text" library="SeleniumLibrary">
<var>${t_price}</var>
<arg>${total_price}</arg>
<doc>Returns the text value of element identified by ``locator``.</doc>
<msg timestamp="20211229 14:55:39.736" level="INFO">${t_price} = $80.00</msg>
<status status="PASS" starttime="20211229 14:55:39.717" endtime="20211229 14:55:39.736"/>
</kw>
<kw name="Log To Console" library="BuiltIn">
<arg>${t_price}</arg>
<doc>Logs the given message to the console.</doc>
<status status="PASS" starttime="20211229 14:55:39.737" endtime="20211229 14:55:39.737"/>
</kw>
<kw name="Evaluate" library="BuiltIn">
<var>${final_price}</var>
<arg>${i_price[1:]}!=${t_price[1:]}</arg>
<doc>Evaluates the given expression in Python and returns the result.</doc>
<msg timestamp="20211229 14:55:39.740" level="INFO">${final_price} = True</msg>
<status status="PASS" starttime="20211229 14:55:39.737" endtime="20211229 14:55:39.740"/>
</kw>
<status status="PASS" starttime="20211229 14:55:29.750" endtime="20211229 14:55:39.740"/>
</test>
<test id="s1-t2" name="Buying as a guest">
<kw name="Buying an item">
<kw name="Go to Apparel tab" library="check_buy_resources">
<kw name="Click Element" library="SeleniumLibrary">
<arg>${apparel_tab}</arg>
<doc>Click element identified by ``locator``.</doc>
<msg timestamp="20211229 14:55:39.743" level="INFO">Clicking element 'xpath:/html/body/div[6]/div[2]/ul[1]/li[3]/a'.</msg>
<status status="PASS" starttime="20211229 14:55:39.743" endtime="20211229 14:55:40.520"/>
</kw>
<kw name="Wait Until Page Contains Element" library="SeleniumLibrary">
<arg>${shoes_tab}</arg>
<doc>Waits until element ``locator`` appears on current page.</doc>
<status status="PASS" starttime="20211229 14:55:40.520" endtime="20211229 14:55:40.529"/>
</kw>
<kw name="Click Element" library="SeleniumLibrary">
<arg>${shoes_tab}</arg>
<doc>Click element identified by ``locator``.</doc>
<msg timestamp="20211229 14:55:40.529" level="INFO">Clicking element 'xpath:/html/body/div[6]/div[3]/div/div[3]/div/div[2]/div[1]/div/div[1]/div/div/a/img'.</msg>
<status status="PASS" starttime="20211229 14:55:40.529" endtime="20211229 14:55:40.946"/>
</kw>
<status status="PASS" starttime="20211229 14:55:39.742" endtime="20211229 14:55:40.947"/>
</kw>
<kw name="Select the first product" library="check_buy_resources">
<kw name="Click Element" library="SeleniumLibrary">
<arg>${add_to_cart_1}</arg>
<doc>Click element identified by ``locator``.</doc>
<msg timestamp="20211229 14:55:40.949" level="INFO">Clicking element 'xpath:/html/body/div[6]/div[3]/div/div[3]/div/div[2]/div[2]/div[2]/div/div/div[1]/div/div[2]/div[3]/div[2]/button[1]'.</msg>
<status status="PASS" starttime="20211229 14:55:40.948" endtime="20211229 14:55:41.000"/>
</kw>
<kw name="Wait Until Page Contains Element" library="SeleniumLibrary">
<arg>${product_1_size}</arg>
<doc>Waits until element ``locator`` appears on current page.</doc>
<status status="PASS" starttime="20211229 14:55:41.000" endtime="20211229 14:55:42.072"/>
</kw>
<kw name="Select From List By Index" library="SeleniumLibrary">
<arg>${product_1_size}</arg>
<arg>3</arg>
<doc>Selects options from selection list ``locator`` by ``indexes``.</doc>
<msg timestamp="20211229 14:55:42.073" level="INFO">Selecting options from selection list 'id:product_attribute_6' by index 3.</msg>
<status status="PASS" starttime="20211229 14:55:42.073" endtime="20211229 14:55:42.174"/>
</kw>
<kw name="Select From List By Index" library="SeleniumLibrary">
<arg>${product_1_color}</arg>
<arg>1</arg>
<doc>Selects options from selection list ``locator`` by ``indexes``.</doc>
<msg timestamp="20211229 14:55:42.174" level="INFO">Selecting options from selection list 'id:product_attribute_7' by index 1.</msg>
<status status="PASS" starttime="20211229 14:55:42.174" endtime="20211229 14:55:42.255"/>
</kw>
<kw name="Click Element" library="SeleniumLibrary">
<arg>${product_1_print}</arg>
<doc>Click element identified by ``locator``.</doc>
<msg timestamp="20211229 14:55:42.256" level="INFO">Clicking element 'xpath://*[@id="image-squares-8"]/li[2]/label/span/span'.</msg>
<status status="PASS" starttime="20211229 14:55:42.255" endtime="20211229 14:55:42.298"/>
</kw>
<kw name="Click Element" library="SeleniumLibrary">
<arg>xpath://*[@id="main-product-img-24"]</arg>
<doc>Click element identified by ``locator``.</doc>
<msg timestamp="20211229 14:55:42.298" level="INFO">Clicking element 'xpath://*[@id="main-product-img-24"]'.</msg>
<status status="PASS" starttime="20211229 14:55:42.298" endtime="20211229 14:55:42.337"/>
</kw>
<status status="PASS" starttime="20211229 14:55:40.947" endtime="20211229 14:55:42.337"/>
</kw>
<kw name="Select the quantity" library="check_buy_resources">
<arg>2</arg>
<kw name="Input Text" library="SeleniumLibrary">
<arg>${product_1_quantity}</arg>
<arg>${quantity}</arg>
<doc>Types the given ``text`` into text field identified by ``locator``.</doc>
<msg timestamp="20211229 14:55:42.338" level="INFO">Typing text '2' into text field 'xpath://*[@id="product_enteredQuantity_24"]'.</msg>
<status status="PASS" starttime="20211229 14:55:42.337" endtime="20211229 14:55:42.420"/>
</kw>
<status status="PASS" starttime="20211229 14:55:42.337" endtime="20211229 14:55:42.420"/>
</kw>
<kw name="Sleep" library="BuiltIn">
<arg>1</arg>
<doc>Pauses the test executed for the given time.</doc>
<msg timestamp="20211229 14:55:43.420" level="INFO">Slept 1 second</msg>
<status status="PASS" starttime="20211229 14:55:42.420" endtime="20211229 14:55:43.420"/>
</kw>
<kw name="Add it to cart" library="check_buy_resources">
<kw name="Sleep" library="BuiltIn">
<arg>2s</arg>
<doc>Pauses the test executed for the given time.</doc>
<msg timestamp="20211229 14:55:45.435" level="INFO">Slept 2 seconds</msg>
<status status="PASS" starttime="20211229 14:55:43.421" endtime="20211229 14:55:45.435"/>
</kw>
<kw name="Click Element" library="SeleniumLibrary">
<arg>${add_to_buy}</arg>
<doc>Click element identified by ``locator``.</doc>
<msg timestamp="20211229 14:55:45.435" level="INFO">Clicking element 'id:add-to-cart-button-24'.</msg>
<status status="PASS" starttime="20211229 14:55:45.435" endtime="20211229 14:55:45.475"/>
</kw>
<status status="PASS" starttime="20211229 14:55:43.421" endtime="20211229 14:55:45.475"/>
</kw>
<kw name="Go to cart" library="check_buy_resources">
<kw name="Wait Until Page Contains Element" library="SeleniumLibrary">
<arg>${cart_tab}</arg>
<doc>Waits until element ``locator`` appears on current page.</doc>
<status status="PASS" starttime="20211229 14:55:45.476" endtime="20211229 14:55:45.483"/>
</kw>
<kw name="Click Element" library="SeleniumLibrary">
<arg>${cart_tab}</arg>
<doc>Click element identified by ``locator``.</doc>
<msg timestamp="20211229 14:55:45.484" level="INFO">Clicking element 'id:topcartlink'.</msg>
<status status="PASS" starttime="20211229 14:55:45.483" endtime="20211229 14:55:46.275"/>
</kw>
<status status="PASS" starttime="20211229 14:55:45.475" endtime="20211229 14:55:46.276"/>
</kw>
<status status="PASS" starttime="20211229 14:55:39.742" endtime="20211229 14:55:46.276"/>
</kw>
<kw name="Agree terms of service" library="check_buy_resources">
<kw name="Wait Until Page Contains Element" library="SeleniumLibrary">
<arg>${agree_terms}</arg>
<doc>Waits until element ``locator`` appears on current page.</doc>
<status status="PASS" starttime="20211229 14:55:46.277" endtime="20211229 14:55:46.288"/>
</kw>
<kw name="Click Element" library="SeleniumLibrary">
<arg>${agree_terms}</arg>
<doc>Click element identified by ``locator``.</doc>
<msg timestamp="20211229 14:55:46.289" level="INFO">Clicking element 'id:termsofservice'.</msg>
<status status="PASS" starttime="20211229 14:55:46.288" endtime="20211229 14:55:46.331"/>
</kw>
<status status="PASS" starttime="20211229 14:55:46.276" endtime="20211229 14:55:46.331"/>
</kw>
<kw name="Click Element" library="SeleniumLibrary">
<arg>${checkout_btn}</arg>
<doc>Click element identified by ``locator``.</doc>
<msg timestamp="20211229 14:55:46.332" level="INFO">Clicking element 'id:checkout'.</msg>
<status status="PASS" starttime="20211229 14:55:46.331" endtime="20211229 14:55:47.046"/>
</kw>
<kw name="Page Should Contain Element" library="SeleniumLibrary">
<arg>${checkout_guest}</arg>
<doc>Verifies that element ``locator`` is found on the current page.</doc>
<msg timestamp="20211229 14:55:47.059" level="INFO">Current page contains element 'xpath:/html/body/div[6]/div[3]/div/div/div/div[2]/div[1]/div[1]/div[3]/button[1]'.</msg>
<status status="PASS" starttime="20211229 14:55:47.047" endtime="20211229 14:55:47.059"/>
</kw>
<status status="PASS" starttime="20211229 14:55:39.742" endtime="20211229 14:55:47.059"/>
</test>
<test id="s1-t3" name="Removing an item from the cart">
<kw name="Buying an item">
<kw name="Go to Apparel tab" library="check_buy_resources">
<kw name="Click Element" library="SeleniumLibrary">
<arg>${apparel_tab}</arg>
<doc>Click element identified by ``locator``.</doc>
<msg timestamp="20211229 14:55:47.062" level="INFO">Clicking element 'xpath:/html/body/div[6]/div[2]/ul[1]/li[3]/a'.</msg>
<status status="PASS" starttime="20211229 14:55:47.062" endtime="20211229 14:55:47.452"/>
</kw>
<kw name="Wait Until Page Contains Element" library="SeleniumLibrary">
<arg>${shoes_tab}</arg>
<doc>Waits until element ``locator`` appears on current page.</doc>
<status status="PASS" starttime="20211229 14:55:47.452" endtime="20211229 14:55:47.463"/>
</kw>
<kw name="Click Element" library="SeleniumLibrary">
<arg>${shoes_tab}</arg>
<doc>Click element identified by ``locator``.</doc>
<msg timestamp="20211229 14:55:47.463" level="INFO">Clicking element 'xpath:/html/body/div[6]/div[3]/div/div[3]/div/div[2]/div[1]/div/div[1]/div/div/a/img'.</msg>
<status status="PASS" starttime="20211229 14:55:47.463" endtime="20211229 14:55:48.864"/>
</kw>
<status status="PASS" starttime="20211229 14:55:47.062" endtime="20211229 14:55:48.864"/>
</kw>
<kw name="Select the first product" library="check_buy_resources">
<kw name="Click Element" library="SeleniumLibrary">
<arg>${add_to_cart_1}</arg>
<doc>Click element identified by ``locator``.</doc>
<msg timestamp="20211229 14:55:48.865" level="INFO">Clicking element 'xpath:/html/body/div[6]/div[3]/div/div[3]/div/div[2]/div[2]/div[2]/div/div/div[1]/div/div[2]/div[3]/div[2]/button[1]'.</msg>
<status status="PASS" starttime="20211229 14:55:48.865" endtime="20211229 14:55:48.910"/>
</kw>
<kw name="Wait Until Page Contains Element" library="SeleniumLibrary">
<arg>${product_1_size}</arg>
<doc>Waits until element ``locator`` appears on current page.</doc>
<status status="PASS" starttime="20211229 14:55:48.910" endtime="20211229 14:55:49.808"/>
</kw>
<kw name="Select From List By Index" library="SeleniumLibrary">
<arg>${product_1_size}</arg>
<arg>3</arg>
<doc>Selects options from selection list ``locator`` by ``indexes``.</doc>
<msg timestamp="20211229 14:55:49.808" level="INFO">Selecting options from selection list 'id:product_attribute_6' by index 3.</msg>
<status status="PASS" starttime="20211229 14:55:49.808" endtime="20211229 14:55:49.903"/>
</kw>
<kw name="Select From List By Index" library="SeleniumLibrary">
<arg>${product_1_color}</arg>
<arg>1</arg>
<doc>Selects options from selection list ``locator`` by ``indexes``.</doc>
<msg timestamp="20211229 14:55:49.904" level="INFO">Selecting options from selection list 'id:product_attribute_7' by index 1.</msg>
<status status="PASS" starttime="20211229 14:55:49.903" endtime="20211229 14:55:49.988"/>
</kw>
<kw name="Click Element" library="SeleniumLibrary">
<arg>${product_1_print}</arg>
<doc>Click element identified by ``locator``.</doc>
<msg timestamp="20211229 14:55:49.988" level="INFO">Clicking element 'xpath://*[@id="image-squares-8"]/li[2]/label/span/span'.</msg>
<status status="PASS" starttime="20211229 14:55:49.988" endtime="20211229 14:55:50.034"/>
</kw>
<kw name="Click Element" library="SeleniumLibrary">
<arg>xpath://*[@id="main-product-img-24"]</arg>
<doc>Click element identified by ``locator``.</doc>
<msg timestamp="20211229 14:55:50.035" level="INFO">Clicking element 'xpath://*[@id="main-product-img-24"]'.</msg>
<status status="PASS" starttime="20211229 14:55:50.035" endtime="20211229 14:55:50.081"/>
</kw>
<status status="PASS" starttime="20211229 14:55:48.864" endtime="20211229 14:55:50.081"/>
</kw>
<kw name="Select the quantity" library="check_buy_resources">
<arg>2</arg>
<kw name="Input Text" library="SeleniumLibrary">
<arg>${product_1_quantity}</arg>
<arg>${quantity}</arg>
<doc>Types the given ``text`` into text field identified by ``locator``.</doc>
<msg timestamp="20211229 14:55:50.083" level="INFO">Typing text '2' into text field 'xpath://*[@id="product_enteredQuantity_24"]'.</msg>
<status status="PASS" starttime="20211229 14:55:50.082" endtime="20211229 14:55:50.161"/>
</kw>
<status status="PASS" starttime="20211229 14:55:50.082" endtime="20211229 14:55:50.161"/>
</kw>
<kw name="Sleep" library="BuiltIn">
<arg>1</arg>
<doc>Pauses the test executed for the given time.</doc>
<msg timestamp="20211229 14:55:51.163" level="INFO">Slept 1 second</msg>
<status status="PASS" starttime="20211229 14:55:50.161" endtime="20211229 14:55:51.163"/>
</kw>
<kw name="Add it to cart" library="check_buy_resources">
<kw name="Sleep" library="BuiltIn">
<arg>2s</arg>
<doc>Pauses the test executed for the given time.</doc>
<msg timestamp="20211229 14:55:53.171" level="INFO">Slept 2 seconds</msg>
<status status="PASS" starttime="20211229 14:55:51.163" endtime="20211229 14:55:53.171"/>
</kw>
<kw name="Click Element" library="SeleniumLibrary">
<arg>${add_to_buy}</arg>
<doc>Click element identified by ``locator``.</doc>
<msg timestamp="20211229 14:55:53.172" level="INFO">Clicking element 'id:add-to-cart-button-24'.</msg>
<status status="PASS" starttime="20211229 14:55:53.172" endtime="20211229 14:55:53.217"/>
</kw>
<status status="PASS" starttime="20211229 14:55:51.163" endtime="20211229 14:55:53.217"/>
</kw>
<kw name="Go to cart" library="check_buy_resources">
<kw name="Wait Until Page Contains Element" library="SeleniumLibrary">
<arg>${cart_tab}</arg>
<doc>Waits until element ``locator`` appears on current page.</doc>
<status status="PASS" starttime="20211229 14:55:53.217" endtime="20211229 14:55:53.228"/>
</kw>
<kw name="Click Element" library="SeleniumLibrary">
<arg>${cart_tab}</arg>
<doc>Click element identified by ``locator``.</doc>
<msg timestamp="20211229 14:55:53.228" level="INFO">Clicking element 'id:topcartlink'.</msg>
<status status="PASS" starttime="20211229 14:55:53.228" endtime="20211229 14:55:53.948"/>
</kw>
<status status="PASS" starttime="20211229 14:55:53.217" endtime="20211229 14:55:53.948"/>
</kw>
<status status="PASS" starttime="20211229 14:55:47.061" endtime="20211229 14:55:53.949"/>
</kw>
<kw name="Remove the item from the cart" library="check_buy_resources">
<kw name="Click Element" library="SeleniumLibrary">
<arg>${remove_btn}</arg>
<doc>Click element identified by ``locator``.</doc>
<msg timestamp="20211229 14:55:53.950" level="INFO">Clicking element 'xpath://*[@id="shopping-cart-form"]/div[1]/table/tbody/tr/td[7]/button'.</msg>
<status status="PASS" starttime="20211229 14:55:53.950" endtime="20211229 14:55:54.668"/>
</kw>
<status status="PASS" starttime="20211229 14:55:53.949" endtime="20211229 14:55:54.668"/>
</kw>
<kw name="Wait Until Page Contains Element" library="SeleniumLibrary">
<arg>${empty_cart}</arg>
<doc>Waits until element ``locator`` appears on current page.</doc>
<status status="PASS" starttime="20211229 14:55:54.669" endtime="20211229 14:55:54.681"/>
</kw>
<kw name="Page Should Contain Element" library="SeleniumLibrary">
<arg>${empty_cart}</arg>
<doc>Verifies that element ``locator`` is found on the current page.</doc>
<msg timestamp="20211229 14:55:54.690" level="INFO">Current page contains element 'xpath:/html/body/div[6]/div[3]/div/div/div/div[2]/div/div'.</msg>
<status status="PASS" starttime="20211229 14:55:54.683" endtime="20211229 14:55:54.690"/>
</kw>
<status status="PASS" starttime="20211229 14:55:47.061" endtime="20211229 14:55:54.690"/>
</test>
<kw name="Close browsers" library="check_buy_resources" type="TEARDOWN">
<kw name="Close All Browsers" library="SeleniumLibrary">
<doc>Closes all open browsers and resets the browser cache.</doc>
<status status="PASS" starttime="20211229 14:55:54.692" endtime="20211229 14:55:56.815"/>
</kw>
<status status="PASS" starttime="20211229 14:55:54.692" endtime="20211229 14:55:56.816"/>
</kw>
<status status="PASS" starttime="20211229 14:55:25.817" endtime="20211229 14:55:56.816"/>
</suite>
<statistics>
<total>
<stat pass="3" fail="0" skip="0">All Tests</stat>
</total>
<tag>
</tag>
<suite>
<stat pass="3" fail="0" skip="0" id="s1" name="Buy Checking">Buy Checking</stat>
</suite>
</statistics>
<errors>
</errors>
</robot>
