<?xml version="1.0" encoding="UTF-8"?>
<robot generator="Robot 4.1.3 (Python 3.10.0 on win32)" generated="20211229 15:04:42.952" rpa="false" schemaversion="2">
<suite id="s1" name="TestCases" source="C:\Users\anton\PycharmProjects\Automation_testing\ecommerce_demo_robotframework\TestCases">
<suite id="s1-s1" name="Change Currency" source="C:\Users\anton\PycharmProjects\Automation_testing\ecommerce_demo_robotframework\TestCases\change_currency.robot">
<kw name="Open my browser" library="price_checker_resources" type="SETUP">
<arg>${url}</arg>
<arg>${browser}</arg>
<kw name="Open Browser" library="SeleniumLibrary">
<arg>${url}</arg>
<arg>${browser}</arg>
<doc>Opens a new browser instance to the given ``url``.</doc>
<msg timestamp="20211229 15:04:43.250" level="INFO">Opening browser 'chrome' to base url 'https://demo.nopcommerce.com/'.</msg>
<status status="PASS" starttime="20211229 15:04:43.249" endtime="20211229 15:04:47.524"/>
</kw>
<kw name="Maximize Browser Window" library="SeleniumLibrary">
<doc>Maximizes current browser window.</doc>
<status status="PASS" starttime="20211229 15:04:47.524" endtime="20211229 15:04:47.673"/>
</kw>
<status status="PASS" starttime="20211229 15:04:43.248" endtime="20211229 15:04:47.673"/>
</kw>
<test id="s1-s1-t1" name="Euro checker currency">
<kw name="Changing currency on website">
<kw name="Go to desktop tab" library="price_checker_resources">
<kw name="Click Element" library="SeleniumLibrary">
<arg>${computers_tab}</arg>
<doc>Click element identified by ``locator``.</doc>
<msg timestamp="20211229 15:04:47.675" level="INFO">Clicking element 'xpath:/html/body/div[6]/div[2]/ul[1]/li[1]/a'.</msg>
<status status="PASS" starttime="20211229 15:04:47.675" endtime="20211229 15:04:49.098"/>
</kw>
<kw name="Wait Until Page Contains Element" library="SeleniumLibrary">
<arg>${desktop_tab}</arg>
<doc>Waits until element ``locator`` appears on current page.</doc>
<status status="PASS" starttime="20211229 15:04:49.099" endtime="20211229 15:04:49.121"/>
</kw>
<kw name="Click Element" library="SeleniumLibrary">
<arg>${desktop_tab}</arg>
<doc>Click element identified by ``locator``.</doc>
<msg timestamp="20211229 15:04:49.122" level="INFO">Clicking element 'xpath:/html/body/div[6]/div[3]/div/div[3]/div/div[2]/div[1]/div/div[1]/div/div/a/img'.</msg>
<status status="PASS" starttime="20211229 15:04:49.121" endtime="20211229 15:04:49.695"/>
</kw>
<status status="PASS" starttime="20211229 15:04:47.675" endtime="20211229 15:04:49.696"/>
</kw>
<kw name="Get Text" library="SeleniumLibrary">
<var>${first_price}</var>
<arg>${dollar_price}</arg>
<doc>Returns the text value of element identified by ``locator``.</doc>
<msg timestamp="20211229 15:04:49.726" level="INFO">${first_price} = $1,200.00</msg>
<status status="PASS" starttime="20211229 15:04:49.696" endtime="20211229 15:04:49.726"/>
</kw>
<kw name="Log To Console" library="BuiltIn">
<arg>${first_price}</arg>
<doc>Logs the given message to the console.</doc>
<status status="PASS" starttime="20211229 15:04:49.727" endtime="20211229 15:04:49.727"/>
</kw>
<kw name="Select the other currency" library="price_checker_resources">
<kw name="Select From List By Index" library="SeleniumLibrary">
<arg>${currency_changer}</arg>
<arg>1</arg>
<doc>Selects options from selection list ``locator`` by ``indexes``.</doc>
<msg timestamp="20211229 15:04:49.728" level="INFO">Selecting options from selection list 'id:customerCurrency' by index 1.</msg>
<status status="PASS" starttime="20211229 15:04:49.728" endtime="20211229 15:04:52.260"/>
</kw>
<status status="PASS" starttime="20211229 15:04:49.727" endtime="20211229 15:04:52.260"/>
</kw>
<kw name="Sleep" library="BuiltIn">
<arg>2s</arg>
<doc>Pauses the test executed for the given time.</doc>
<msg timestamp="20211229 15:04:54.263" level="INFO">Slept 2 seconds</msg>
<status status="PASS" starttime="20211229 15:04:52.261" endtime="20211229 15:04:54.263"/>
</kw>
<kw name="Get Text" library="SeleniumLibrary">
<var>${updated_price}</var>
<arg>${euro_price}</arg>
<doc>Returns the text value of element identified by ``locator``.</doc>
<msg timestamp="20211229 15:04:54.288" level="INFO">${updated_price} = €1032.00</msg>
<status status="PASS" starttime="20211229 15:04:54.264" endtime="20211229 15:04:54.289"/>
</kw>
<kw name="Log To Console" library="BuiltIn">
<arg>${updated_price}</arg>
<doc>Logs the given message to the console.</doc>
<status status="PASS" starttime="20211229 15:04:54.289" endtime="20211229 15:04:54.289"/>
</kw>
<kw name="Evaluate" library="BuiltIn">
<var>${final_price}</var>
<arg>${first_price[1:]}!=${updated_price[1:]}</arg>
<doc>Evaluates the given expression in Python and returns the result.</doc>
<msg timestamp="20211229 15:04:54.291" level="INFO">${final_price} = (1, True)</msg>
<status status="PASS" starttime="20211229 15:04:54.289" endtime="20211229 15:04:54.291"/>
</kw>
<status status="PASS" starttime="20211229 15:04:47.674" endtime="20211229 15:04:54.292"/>
</kw>
<status status="PASS" starttime="20211229 15:04:47.674" endtime="20211229 15:04:54.292"/>
</test>
<test id="s1-s1-t2" name="Dolar checker currency">
<kw name="Getting the first currency back">
<kw name="Go to desktop tab" library="price_checker_resources">
<kw name="Click Element" library="SeleniumLibrary">
<arg>${computers_tab}</arg>
<doc>Click element identified by ``locator``.</doc>
<msg timestamp="20211229 15:04:54.294" level="INFO">Clicking element 'xpath:/html/body/div[6]/div[2]/ul[1]/li[1]/a'.</msg>
<status status="PASS" starttime="20211229 15:04:54.294" endtime="20211229 15:04:54.739"/>
</kw>
<kw name="Wait Until Page Contains Element" library="SeleniumLibrary">
<arg>${desktop_tab}</arg>
<doc>Waits until element ``locator`` appears on current page.</doc>
<status status="PASS" starttime="20211229 15:04:54.739" endtime="20211229 15:04:54.751"/>
</kw>
<kw name="Click Element" library="SeleniumLibrary">
<arg>${desktop_tab}</arg>
<doc>Click element identified by ``locator``.</doc>
<msg timestamp="20211229 15:04:54.752" level="INFO">Clicking element 'xpath:/html/body/div[6]/div[3]/div/div[3]/div/div[2]/div[1]/div/div[1]/div/div/a/img'.</msg>
<status status="PASS" starttime="20211229 15:04:54.751" endtime="20211229 15:04:55.190"/>
</kw>
<status status="PASS" starttime="20211229 15:04:54.293" endtime="20211229 15:04:55.191"/>
</kw>
<kw name="Select the other currency" library="price_checker_resources">
<kw name="Select From List By Index" library="SeleniumLibrary">
<arg>${currency_changer}</arg>
<arg>1</arg>
<doc>Selects options from selection list ``locator`` by ``indexes``.</doc>
<msg timestamp="20211229 15:04:55.192" level="INFO">Selecting options from selection list 'id:customerCurrency' by index 1.</msg>
<status status="PASS" starttime="20211229 15:04:55.191" endtime="20211229 15:04:55.254"/>
</kw>
<status status="PASS" starttime="20211229 15:04:55.191" endtime="20211229 15:04:55.254"/>
</kw>
<kw name="Sleep" library="BuiltIn">
<arg>2s</arg>
<doc>Pauses the test executed for the given time.</doc>
<msg timestamp="20211229 15:04:57.268" level="INFO">Slept 2 seconds</msg>
<status status="PASS" starttime="20211229 15:04:55.255" endtime="20211229 15:04:57.268"/>
</kw>
<kw name="Get Text" library="SeleniumLibrary">
<var>${first_price}</var>
<arg>${euro_price}</arg>
<doc>Returns the text value of element identified by ``locator``.</doc>
<msg timestamp="20211229 15:04:57.293" level="INFO">${first_price} = €1032.00</msg>
<status status="PASS" starttime="20211229 15:04:57.269" endtime="20211229 15:04:57.294"/>
</kw>
<kw name="Log To Console" library="BuiltIn">
<arg>${first_price}</arg>
<doc>Logs the given message to the console.</doc>
<status status="PASS" starttime="20211229 15:04:57.294" endtime="20211229 15:04:57.295"/>
</kw>
<kw name="Select the first currency" library="price_checker_resources">
<kw name="Select From List By Index" library="SeleniumLibrary">
<arg>${currency_changer}</arg>
<arg>0</arg>
<doc>Selects options from selection list ``locator`` by ``indexes``.</doc>
<msg timestamp="20211229 15:04:57.296" level="INFO">Selecting options from selection list 'id:customerCurrency' by index 0.</msg>
<status status="PASS" starttime="20211229 15:04:57.296" endtime="20211229 15:04:58.940"/>
</kw>
<status status="PASS" starttime="20211229 15:04:57.295" endtime="20211229 15:04:58.941"/>
</kw>
<kw name="Sleep" library="BuiltIn">
<arg>2s</arg>
<doc>Pauses the test executed for the given time.</doc>
<msg timestamp="20211229 15:05:00.951" level="INFO">Slept 2 seconds</msg>
<status status="PASS" starttime="20211229 15:04:58.941" endtime="20211229 15:05:00.951"/>
</kw>
<kw name="Get Text" library="SeleniumLibrary">
<var>${updated_price}</var>
<arg>${dollar_price}</arg>
<doc>Returns the text value of element identified by ``locator``.</doc>
<msg timestamp="20211229 15:05:00.975" level="INFO">${updated_price} = $1,200.00</msg>
<status status="PASS" starttime="20211229 15:05:00.951" endtime="20211229 15:05:00.975"/>
</kw>
<kw name="Log To Console" library="BuiltIn">
<arg>${updated_price}</arg>
<doc>Logs the given message to the console.</doc>
<status status="PASS" starttime="20211229 15:05:00.976" endtime="20211229 15:05:00.976"/>
</kw>
<kw name="Evaluate" library="BuiltIn">
<var>${final_price}</var>
<arg>${first_price[1:]}!=${updated_price[1:]}</arg>
<doc>Evaluates the given expression in Python and returns the result.</doc>
<msg timestamp="20211229 15:05:00.978" level="INFO">${final_price} = (True, 200.0)</msg>
<status status="PASS" starttime="20211229 15:05:00.976" endtime="20211229 15:05:00.978"/>
</kw>
<status status="PASS" starttime="20211229 15:04:54.293" endtime="20211229 15:05:00.978"/>
</kw>
<status status="PASS" starttime="20211229 15:04:54.292" endtime="20211229 15:05:00.979"/>
</test>
<kw name="Close browsers" library="price_checker_resources" type="TEARDOWN">
<kw name="Close All Browsers" library="SeleniumLibrary">
<doc>Closes all open browsers and resets the browser cache.</doc>
<status status="PASS" starttime="20211229 15:05:00.980" endtime="20211229 15:05:03.090"/>
</kw>
<status status="PASS" starttime="20211229 15:05:00.980" endtime="20211229 15:05:03.090"/>
</kw>
<status status="PASS" starttime="20211229 15:04:43.005" endtime="20211229 15:05:03.090"/>
</suite>
<status status="PASS" starttime="20211229 15:04:42.975" endtime="20211229 15:05:03.092"/>
</suite>
<statistics>
<total>
<stat pass="2" fail="0" skip="0">All Tests</stat>
</total>
<tag>
</tag>
<suite>
<stat pass="2" fail="0" skip="0" id="s1" name="TestCases">TestCases</stat>
<stat pass="2" fail="0" skip="0" id="s1-s1" name="Change Currency">TestCases.Change Currency</stat>
</suite>
</statistics>
<errors>
</errors>
</robot>
