<?xml version="1.0" encoding="UTF-8"?>
<robot generator="Rebot 4.1.3 (Python 3.10.0 on win32)" generated="20211229 15:05:14.476" rpa="false" schemaversion="2">
<suite id="s1" name="TestCases" source="C:\Users\anton\PycharmProjects\Automation_testing\ecommerce_demo_robotframework\TestCases">
<suite id="s1-s1" name="Buy Checking" source="C:\Users\anton\PycharmProjects\Automation_testing\ecommerce_demo_robotframework\TestCases\buy_checking.robot">
<kw name="Open my browser" library="check_buy_resources" type="SETUP">
<arg>${url}</arg>
<arg>${browser}</arg>
<kw name="Open Browser" library="SeleniumLibrary">
<arg>${url}</arg>
<arg>${browser}</arg>
<doc>Opens a new browser instance to the given ``url``.</doc>
<msg timestamp="20211229 15:04:43.216" level="INFO">Opening browser 'chrome' to base url 'https://demo.nopcommerce.com/'.</msg>
<status status="PASS" starttime="20211229 15:04:43.215" endtime="20211229 15:04:47.393"/>
</kw>
<kw name="Maximize Browser Window" library="SeleniumLibrary">
<doc>Maximizes current browser window.</doc>
<status status="PASS" starttime="20211229 15:04:47.394" endtime="20211229 15:04:47.541"/>
</kw>
<status status="PASS" starttime="20211229 15:04:43.214" endtime="20211229 15:04:47.542"/>
</kw>
<test id="s1-s1-t1" name="Buying some items and checking the quantity and price">
<kw name="Buying an item">
<kw name="Go to Apparel tab" library="check_buy_resources">
<kw name="Click Element" library="SeleniumLibrary">
<arg>${apparel_tab}</arg>
<doc>Click element identified by ``locator``.</doc>
<msg timestamp="20211229 15:04:47.551" level="INFO">Clicking element 'xpath:/html/body/div[6]/div[2]/ul[1]/li[3]/a'.</msg>
<status status="PASS" starttime="20211229 15:04:47.548" endtime="20211229 15:04:48.982"/>
</kw>
<kw name="Wait Until Page Contains Element" library="SeleniumLibrary">
<arg>${shoes_tab}</arg>
<doc>Waits until element ``locator`` appears on current page.</doc>
<status status="PASS" starttime="20211229 15:04:48.982" endtime="20211229 15:04:49.012"/>
</kw>
<kw name="Click Element" library="SeleniumLibrary">
<arg>${shoes_tab}</arg>
<doc>Click element identified by ``locator``.</doc>
<msg timestamp="20211229 15:04:49.013" level="INFO">Clicking element 'xpath:/html/body/div[6]/div[3]/div/div[3]/div/div[2]/div[1]/div/div[1]/div/div/a/img'.</msg>
<status status="PASS" starttime="20211229 15:04:49.012" endtime="20211229 15:04:50.457"/>
</kw>
<status status="PASS" starttime="20211229 15:04:47.546" endtime="20211229 15:04:50.457"/>
</kw>
<kw name="Select the first product" library="check_buy_resources">
<kw name="Click Element" library="SeleniumLibrary">
<arg>${add_to_cart_1}</arg>
<doc>Click element identified by ``locator``.</doc>
<msg timestamp="20211229 15:04:50.458" level="INFO">Clicking element 'xpath:/html/body/div[6]/div[3]/div/div[3]/div/div[2]/div[2]/div[2]/div/div/div[1]/div/div[2]/div[3]/div[2]/button[1]'.</msg>
<status status="PASS" starttime="20211229 15:04:50.458" endtime="20211229 15:04:50.516"/>
</kw>
<kw name="Wait Until Page Contains Element" library="SeleniumLibrary">
<arg>${product_1_size}</arg>
<doc>Waits until element ``locator`` appears on current page.</doc>
<status status="PASS" starttime="20211229 15:04:50.516" endtime="20211229 15:04:52.631"/>
</kw>
<kw name="Select From List By Index" library="SeleniumLibrary">
<arg>${product_1_size}</arg>
<arg>3</arg>
<doc>Selects options from selection list ``locator`` by ``indexes``.</doc>
<msg timestamp="20211229 15:04:52.631" level="INFO">Selecting options from selection list 'id:product_attribute_6' by index 3.</msg>
<status status="PASS" starttime="20211229 15:04:52.631" endtime="20211229 15:04:52.723"/>
</kw>
<kw name="Select From List By Index" library="SeleniumLibrary">
<arg>${product_1_color}</arg>
<arg>1</arg>
<doc>Selects options from selection list ``locator`` by ``indexes``.</doc>
<msg timestamp="20211229 15:04:52.724" level="INFO">Selecting options from selection list 'id:product_attribute_7' by index 1.</msg>
<status status="PASS" starttime="20211229 15:04:52.723" endtime="20211229 15:04:52.804"/>
</kw>
<kw name="Click Element" library="SeleniumLibrary">
<arg>${product_1_print}</arg>
<doc>Click element identified by ``locator``.</doc>
<msg timestamp="20211229 15:04:52.804" level="INFO">Clicking element 'xpath://*[@id="image-squares-8"]/li[2]/label/span/span'.</msg>
<status status="PASS" starttime="20211229 15:04:52.804" endtime="20211229 15:04:52.848"/>
</kw>
<kw name="Click Element" library="SeleniumLibrary">
<arg>xpath://*[@id="main-product-img-24"]</arg>
<doc>Click element identified by ``locator``.</doc>
<msg timestamp="20211229 15:04:52.848" level="INFO">Clicking element 'xpath://*[@id="main-product-img-24"]'.</msg>
<status status="PASS" starttime="20211229 15:04:52.848" endtime="20211229 15:04:52.888"/>
</kw>
<status status="PASS" starttime="20211229 15:04:50.457" endtime="20211229 15:04:52.889"/>
</kw>
<kw name="Select the quantity" library="check_buy_resources">
<arg>2</arg>
<kw name="Input Text" library="SeleniumLibrary">
<arg>${product_1_quantity}</arg>
<arg>${quantity}</arg>
<doc>Types the given ``text`` into text field identified by ``locator``.</doc>
<msg timestamp="20211229 15:04:52.890" level="INFO">Typing text '2' into text field 'xpath://*[@id="product_enteredQuantity_24"]'.</msg>
<status status="PASS" starttime="20211229 15:04:52.890" endtime="20211229 15:04:53.001"/>
</kw>
<status status="PASS" starttime="20211229 15:04:52.889" endtime="20211229 15:04:53.001"/>
</kw>
<kw name="Sleep" library="BuiltIn">
<arg>1</arg>
<doc>Pauses the test executed for the given time.</doc>
<msg timestamp="20211229 15:04:54.013" level="INFO">Slept 1 second</msg>
<status status="PASS" starttime="20211229 15:04:53.001" endtime="20211229 15:04:54.013"/>
</kw>
<kw name="Add it to cart" library="check_buy_resources">
<kw name="Sleep" library="BuiltIn">
<arg>2s</arg>
<doc>Pauses the test executed for the given time.</doc>
<msg timestamp="20211229 15:04:56.020" level="INFO">Slept 2 seconds</msg>
<status status="PASS" starttime="20211229 15:04:54.015" endtime="20211229 15:04:56.020"/>
</kw>
<kw name="Click Element" library="SeleniumLibrary">
<arg>${add_to_buy}</arg>
<doc>Click element identified by ``locator``.</doc>
<msg timestamp="20211229 15:04:56.021" level="INFO">Clicking element 'id:add-to-cart-button-24'.</msg>
<status status="PASS" starttime="20211229 15:04:56.020" endtime="20211229 15:04:56.081"/>
</kw>
<status status="PASS" starttime="20211229 15:04:54.014" endtime="20211229 15:04:56.082"/>
</kw>
<kw name="Go to cart" library="check_buy_resources">
<kw name="Wait Until Page Contains Element" library="SeleniumLibrary">
<arg>${cart_tab}</arg>
<doc>Waits until element ``locator`` appears on current page.</doc>
<status status="PASS" starttime="20211229 15:04:56.083" endtime="20211229 15:04:56.095"/>
</kw>
<kw name="Click Element" library="SeleniumLibrary">
<arg>${cart_tab}</arg>
<doc>Click element identified by ``locator``.</doc>
<msg timestamp="20211229 15:04:56.095" level="INFO">Clicking element 'id:topcartlink'.</msg>
<status status="PASS" starttime="20211229 15:04:56.095" endtime="20211229 15:04:56.714"/>
</kw>
<status status="PASS" starttime="20211229 15:04:56.082" endtime="20211229 15:04:56.714"/>
</kw>
<status status="PASS" starttime="20211229 15:04:47.545" endtime="20211229 15:04:56.714"/>
</kw>
<kw name="Get Text" library="SeleniumLibrary">
<var>${i_price}</var>
<arg>${item_price}</arg>
<doc>Returns the text value of element identified by ``locator``.</doc>
<msg timestamp="20211229 15:04:56.738" level="INFO">${i_price} = $40.00</msg>
<status status="PASS" starttime="20211229 15:04:56.714" endtime="20211229 15:04:56.738"/>
</kw>
<kw name="Log To Console" library="BuiltIn">
<arg>${i_price}</arg>
<doc>Logs the given message to the console.</doc>
<status status="PASS" starttime="20211229 15:04:56.738" endtime="20211229 15:04:56.738"/>
</kw>
<kw name="Get Text" library="SeleniumLibrary">
<var>${t_price}</var>
<arg>${total_price}</arg>
<doc>Returns the text value of element identified by ``locator``.</doc>
<msg timestamp="20211229 15:04:56.760" level="INFO">${t_price} = $80.00</msg>
<status status="PASS" starttime="20211229 15:04:56.739" endtime="20211229 15:04:56.760"/>
</kw>
<kw name="Log To Console" library="BuiltIn">
<arg>${t_price}</arg>
<doc>Logs the given message to the console.</doc>
<status status="PASS" starttime="20211229 15:04:56.760" endtime="20211229 15:04:56.761"/>
</kw>
<kw name="Capture Page Screenshot" library="SeleniumLibrary">
<arg>C:/Users/anton/PycharmProjects/Automation_testing/ecommerce_demo_robotframework/Screenshots/price.png</arg>
<doc>Takes screenshot of the current page and embeds it into log file.</doc>
<msg timestamp="20211229 15:04:56.911" level="INFO" html="true">&lt;/td&gt;&lt;/tr&gt;&lt;tr&gt;&lt;td colspan="3"&gt;&lt;a href="../Screenshots/price.png"&gt;&lt;img src="../Screenshots/price.png" width="800px"&gt;&lt;/a&gt;</msg>
<status status="PASS" starttime="20211229 15:04:56.761" endtime="20211229 15:04:56.911"/>
</kw>
<kw name="Evaluate" library="BuiltIn">
<var>${final_price}</var>
<arg>${i_price[1:]}!=${t_price[1:]}</arg>
<doc>Evaluates the given expression in Python and returns the result.</doc>
<msg timestamp="20211229 15:04:56.915" level="INFO">${final_price} = True</msg>
<status status="PASS" starttime="20211229 15:04:56.911" endtime="20211229 15:04:56.915"/>
</kw>
<status status="PASS" starttime="20211229 15:04:47.543" endtime="20211229 15:04:56.916"/>
</test>
<test id="s1-s1-t2" name="Buying as a guest">
<kw name="Buying an item">
<kw name="Go to Apparel tab" library="check_buy_resources">
<kw name="Click Element" library="SeleniumLibrary">
<arg>${apparel_tab}</arg>
<doc>Click element identified by ``locator``.</doc>
<msg timestamp="20211229 15:04:56.921" level="INFO">Clicking element 'xpath:/html/body/div[6]/div[2]/ul[1]/li[3]/a'.</msg>
<status status="PASS" starttime="20211229 15:04:56.920" endtime="20211229 15:04:57.395"/>
</kw>
<kw name="Wait Until Page Contains Element" library="SeleniumLibrary">
<arg>${shoes_tab}</arg>
<doc>Waits until element ``locator`` appears on current page.</doc>
<status status="PASS" starttime="20211229 15:04:57.397" endtime="20211229 15:04:57.409"/>
</kw>
<kw name="Click Element" library="SeleniumLibrary">
<arg>${shoes_tab}</arg>
<doc>Click element identified by ``locator``.</doc>
<msg timestamp="20211229 15:04:57.410" level="INFO">Clicking element 'xpath:/html/body/div[6]/div[3]/div/div[3]/div/div[2]/div[1]/div/div[1]/div/div/a/img'.</msg>
<status status="PASS" starttime="20211229 15:04:57.410" endtime="20211229 15:04:57.908"/>
</kw>
<status status="PASS" starttime="20211229 15:04:56.919" endtime="20211229 15:04:57.909"/>
</kw>
<kw name="Select the first product" library="check_buy_resources">
<kw name="Click Element" library="SeleniumLibrary">
<arg>${add_to_cart_1}</arg>
<doc>Click element identified by ``locator``.</doc>
<msg timestamp="20211229 15:04:57.911" level="INFO">Clicking element 'xpath:/html/body/div[6]/div[3]/div/div[3]/div/div[2]/div[2]/div[2]/div/div/div[1]/div/div[2]/div[3]/div[2]/button[1]'.</msg>
<status status="PASS" starttime="20211229 15:04:57.910" endtime="20211229 15:04:57.975"/>
</kw>
<kw name="Wait Until Page Contains Element" library="SeleniumLibrary">
<arg>${product_1_size}</arg>
<doc>Waits until element ``locator`` appears on current page.</doc>
<status status="PASS" starttime="20211229 15:04:57.975" endtime="20211229 15:04:59.896"/>
</kw>
<kw name="Select From List By Index" library="SeleniumLibrary">
<arg>${product_1_size}</arg>
<arg>3</arg>
<doc>Selects options from selection list ``locator`` by ``indexes``.</doc>
<msg timestamp="20211229 15:04:59.897" level="INFO">Selecting options from selection list 'id:product_attribute_6' by index 3.</msg>
<status status="PASS" starttime="20211229 15:04:59.896" endtime="20211229 15:05:00.000"/>
</kw>
<kw name="Select From List By Index" library="SeleniumLibrary">
<arg>${product_1_color}</arg>
<arg>1</arg>
<doc>Selects options from selection list ``locator`` by ``indexes``.</doc>
<msg timestamp="20211229 15:05:00.001" level="INFO">Selecting options from selection list 'id:product_attribute_7' by index 1.</msg>
<status status="PASS" starttime="20211229 15:05:00.000" endtime="20211229 15:05:00.085"/>
</kw>
<kw name="Click Element" library="SeleniumLibrary">
<arg>${product_1_print}</arg>
<doc>Click element identified by ``locator``.</doc>
<msg timestamp="20211229 15:05:00.085" level="INFO">Clicking element 'xpath://*[@id="image-squares-8"]/li[2]/label/span/span'.</msg>
<status status="PASS" starttime="20211229 15:05:00.085" endtime="20211229 15:05:00.125"/>
</kw>
<kw name="Click Element" library="SeleniumLibrary">
<arg>xpath://*[@id="main-product-img-24"]</arg>
<doc>Click element identified by ``locator``.</doc>
<msg timestamp="20211229 15:05:00.125" level="INFO">Clicking element 'xpath://*[@id="main-product-img-24"]'.</msg>
<status status="PASS" starttime="20211229 15:05:00.125" endtime="20211229 15:05:00.163"/>
</kw>
<status status="PASS" starttime="20211229 15:04:57.909" endtime="20211229 15:05:00.163"/>
</kw>
<kw name="Select the quantity" library="check_buy_resources">
<arg>2</arg>
<kw name="Input Text" library="SeleniumLibrary">
<arg>${product_1_quantity}</arg>
<arg>${quantity}</arg>
<doc>Types the given ``text`` into text field identified by ``locator``.</doc>
<msg timestamp="20211229 15:05:00.165" level="INFO">Typing text '2' into text field 'xpath://*[@id="product_enteredQuantity_24"]'.</msg>
<status status="PASS" starttime="20211229 15:05:00.165" endtime="20211229 15:05:00.254"/>
</kw>
<status status="PASS" starttime="20211229 15:05:00.164" endtime="20211229 15:05:00.254"/>
</kw>
<kw name="Sleep" library="BuiltIn">
<arg>1</arg>
<doc>Pauses the test executed for the given time.</doc>
<msg timestamp="20211229 15:05:01.265" level="INFO">Slept 1 second</msg>
<status status="PASS" starttime="20211229 15:05:00.255" endtime="20211229 15:05:01.265"/>
</kw>
<kw name="Add it to cart" library="check_buy_resources">
<kw name="Sleep" library="BuiltIn">
<arg>2s</arg>
<doc>Pauses the test executed for the given time.</doc>
<msg timestamp="20211229 15:05:03.278" level="INFO">Slept 2 seconds</msg>
<status status="PASS" starttime="20211229 15:05:01.266" endtime="20211229 15:05:03.278"/>
</kw>
<kw name="Click Element" library="SeleniumLibrary">
<arg>${add_to_buy}</arg>
<doc>Click element identified by ``locator``.</doc>
<msg timestamp="20211229 15:05:03.278" level="INFO">Clicking element 'id:add-to-cart-button-24'.</msg>
<status status="PASS" starttime="20211229 15:05:03.278" endtime="20211229 15:05:03.319"/>
</kw>
<status status="PASS" starttime="20211229 15:05:01.265" endtime="20211229 15:05:03.320"/>
</kw>
<kw name="Go to cart" library="check_buy_resources">
<kw name="Wait Until Page Contains Element" library="SeleniumLibrary">
<arg>${cart_tab}</arg>
<doc>Waits until element ``locator`` appears on current page.</doc>
<status status="PASS" starttime="20211229 15:05:03.320" endtime="20211229 15:05:03.328"/>
</kw>
<kw name="Click Element" library="SeleniumLibrary">
<arg>${cart_tab}</arg>
<doc>Click element identified by ``locator``.</doc>
<msg timestamp="20211229 15:05:03.329" level="INFO">Clicking element 'id:topcartlink'.</msg>
<status status="PASS" starttime="20211229 15:05:03.328" endtime="20211229 15:05:04.116"/>
</kw>
<status status="PASS" starttime="20211229 15:05:03.320" endtime="20211229 15:05:04.117"/>
</kw>
<status status="PASS" starttime="20211229 15:04:56.918" endtime="20211229 15:05:04.117"/>
</kw>
<kw name="Agree terms of service" library="check_buy_resources">
<kw name="Wait Until Page Contains Element" library="SeleniumLibrary">
<arg>${agree_terms}</arg>
<doc>Waits until element ``locator`` appears on current page.</doc>
<status status="PASS" starttime="20211229 15:05:04.118" endtime="20211229 15:05:04.147"/>
</kw>
<kw name="Click Element" library="SeleniumLibrary">
<arg>${agree_terms}</arg>
<doc>Click element identified by ``locator``.</doc>
<msg timestamp="20211229 15:05:04.148" level="INFO">Clicking element 'id:termsofservice'.</msg>
<status status="PASS" starttime="20211229 15:05:04.147" endtime="20211229 15:05:04.215"/>
</kw>
<status status="PASS" starttime="20211229 15:05:04.117" endtime="20211229 15:05:04.216"/>
</kw>
<kw name="Click Element" library="SeleniumLibrary">
<arg>${checkout_btn}</arg>
<doc>Click element identified by ``locator``.</doc>
<msg timestamp="20211229 15:05:04.217" level="INFO">Clicking element 'id:checkout'.</msg>
<status status="PASS" starttime="20211229 15:05:04.216" endtime="20211229 15:05:04.961"/>
</kw>
<kw name="Page Should Contain Element" library="SeleniumLibrary">
<arg>${checkout_guest}</arg>
<doc>Verifies that element ``locator`` is found on the current page.</doc>
<msg timestamp="20211229 15:05:04.973" level="INFO">Current page contains element 'xpath:/html/body/div[6]/div[3]/div/div/div/div[2]/div[1]/div[1]/div[3]/button[1]'.</msg>
<status status="PASS" starttime="20211229 15:05:04.961" endtime="20211229 15:05:04.973"/>
</kw>
<status status="PASS" starttime="20211229 15:04:56.917" endtime="20211229 15:05:04.974"/>
</test>
<test id="s1-s1-t3" name="Removing an item from the cart">
<kw name="Buying an item">
<kw name="Go to Apparel tab" library="check_buy_resources">
<kw name="Click Element" library="SeleniumLibrary">
<arg>${apparel_tab}</arg>
<doc>Click element identified by ``locator``.</doc>
<msg timestamp="20211229 15:05:04.976" level="INFO">Clicking element 'xpath:/html/body/div[6]/div[2]/ul[1]/li[3]/a'.</msg>
<status status="PASS" starttime="20211229 15:05:04.975" endtime="20211229 15:05:05.393"/>
</kw>
<kw name="Wait Until Page Contains Element" library="SeleniumLibrary">
<arg>${shoes_tab}</arg>
<doc>Waits until element ``locator`` appears on current page.</doc>
<status status="PASS" starttime="20211229 15:05:05.393" endtime="20211229 15:05:05.402"/>
</kw>
<kw name="Click Element" library="SeleniumLibrary">
<arg>${shoes_tab}</arg>
<doc>Click element identified by ``locator``.</doc>
<msg timestamp="20211229 15:05:05.403" level="INFO">Clicking element 'xpath:/html/body/div[6]/div[3]/div/div[3]/div/div[2]/div[1]/div/div[1]/div/div/a/img'.</msg>
<status status="PASS" starttime="20211229 15:05:05.403" endtime="20211229 15:05:05.856"/>
</kw>
<status status="PASS" starttime="20211229 15:05:04.975" endtime="20211229 15:05:05.857"/>
</kw>
<kw name="Select the first product" library="check_buy_resources">
<kw name="Click Element" library="SeleniumLibrary">
<arg>${add_to_cart_1}</arg>
<doc>Click element identified by ``locator``.</doc>
<msg timestamp="20211229 15:05:05.858" level="INFO">Clicking element 'xpath:/html/body/div[6]/div[3]/div/div[3]/div/div[2]/div[2]/div[2]/div/div/div[1]/div/div[2]/div[3]/div[2]/button[1]'.</msg>
<status status="PASS" starttime="20211229 15:05:05.858" endtime="20211229 15:05:05.909"/>
</kw>
<kw name="Wait Until Page Contains Element" library="SeleniumLibrary">
<arg>${product_1_size}</arg>
<doc>Waits until element ``locator`` appears on current page.</doc>
<status status="PASS" starttime="20211229 15:05:05.909" endtime="20211229 15:05:07.537"/>
</kw>
<kw name="Select From List By Index" library="SeleniumLibrary">
<arg>${product_1_size}</arg>
<arg>3</arg>
<doc>Selects options from selection list ``locator`` by ``indexes``.</doc>
<msg timestamp="20211229 15:05:07.538" level="INFO">Selecting options from selection list 'id:product_attribute_6' by index 3.</msg>
<status status="PASS" starttime="20211229 15:05:07.537" endtime="20211229 15:05:07.635"/>
</kw>
<kw name="Select From List By Index" library="SeleniumLibrary">
<arg>${product_1_color}</arg>
<arg>1</arg>
<doc>Selects options from selection list ``locator`` by ``indexes``.</doc>
<msg timestamp="20211229 15:05:07.636" level="INFO">Selecting options from selection list 'id:product_attribute_7' by index 1.</msg>
<status status="PASS" starttime="20211229 15:05:07.635" endtime="20211229 15:05:07.724"/>
</kw>
<kw name="Click Element" library="SeleniumLibrary">
<arg>${product_1_print}</arg>
<doc>Click element identified by ``locator``.</doc>
<msg timestamp="20211229 15:05:07.724" level="INFO">Clicking element 'xpath://*[@id="image-squares-8"]/li[2]/label/span/span'.</msg>
<status status="PASS" starttime="20211229 15:05:07.724" endtime="20211229 15:05:07.765"/>
</kw>
<kw name="Click Element" library="SeleniumLibrary">
<arg>xpath://*[@id="main-product-img-24"]</arg>
<doc>Click element identified by ``locator``.</doc>
<msg timestamp="20211229 15:05:07.765" level="INFO">Clicking element 'xpath://*[@id="main-product-img-24"]'.</msg>
<status status="PASS" starttime="20211229 15:05:07.765" endtime="20211229 15:05:07.808"/>
</kw>
<status status="PASS" starttime="20211229 15:05:05.857" endtime="20211229 15:05:07.808"/>
</kw>
<kw name="Select the quantity" library="check_buy_resources">
<arg>2</arg>
<kw name="Input Text" library="SeleniumLibrary">
<arg>${product_1_quantity}</arg>
<arg>${quantity}</arg>
<doc>Types the given ``text`` into text field identified by ``locator``.</doc>
<msg timestamp="20211229 15:05:07.810" level="INFO">Typing text '2' into text field 'xpath://*[@id="product_enteredQuantity_24"]'.</msg>
<status status="PASS" starttime="20211229 15:05:07.810" endtime="20211229 15:05:07.896"/>
</kw>
<status status="PASS" starttime="20211229 15:05:07.808" endtime="20211229 15:05:07.897"/>
</kw>
<kw name="Sleep" library="BuiltIn">
<arg>1</arg>
<doc>Pauses the test executed for the given time.</doc>
<msg timestamp="20211229 15:05:08.908" level="INFO">Slept 1 second</msg>
<status status="PASS" starttime="20211229 15:05:07.897" endtime="20211229 15:05:08.908"/>
</kw>
<kw name="Add it to cart" library="check_buy_resources">
<kw name="Sleep" library="BuiltIn">
<arg>2s</arg>
<doc>Pauses the test executed for the given time.</doc>
<msg timestamp="20211229 15:05:10.923" level="INFO">Slept 2 seconds</msg>
<status status="PASS" starttime="20211229 15:05:08.909" endtime="20211229 15:05:10.923"/>
</kw>
<kw name="Click Element" library="SeleniumLibrary">
<arg>${add_to_buy}</arg>
<doc>Click element identified by ``locator``.</doc>
<msg timestamp="20211229 15:05:10.924" level="INFO">Clicking element 'id:add-to-cart-button-24'.</msg>
<status status="PASS" starttime="20211229 15:05:10.923" endtime="20211229 15:05:10.967"/>
</kw>
<status status="PASS" starttime="20211229 15:05:08.908" endtime="20211229 15:05:10.967"/>
</kw>
<kw name="Go to cart" library="check_buy_resources">
<kw name="Wait Until Page Contains Element" library="SeleniumLibrary">
<arg>${cart_tab}</arg>
<doc>Waits until element ``locator`` appears on current page.</doc>
<status status="PASS" starttime="20211229 15:05:10.968" endtime="20211229 15:05:10.975"/>
</kw>
<kw name="Click Element" library="SeleniumLibrary">
<arg>${cart_tab}</arg>
<doc>Click element identified by ``locator``.</doc>
<msg timestamp="20211229 15:05:10.976" level="INFO">Clicking element 'id:topcartlink'.</msg>
<status status="PASS" starttime="20211229 15:05:10.975" endtime="20211229 15:05:11.500"/>
</kw>
<status status="PASS" starttime="20211229 15:05:10.968" endtime="20211229 15:05:11.500"/>
</kw>
<status status="PASS" starttime="20211229 15:05:04.975" endtime="20211229 15:05:11.501"/>
</kw>
<kw name="Remove the item from the cart" library="check_buy_resources">
<kw name="Click Element" library="SeleniumLibrary">
<arg>${remove_btn}</arg>
<doc>Click element identified by ``locator``.</doc>
<msg timestamp="20211229 15:05:11.503" level="INFO">Clicking element 'xpath://*[@id="shopping-cart-form"]/div[1]/table/tbody/tr/td[7]/button'.</msg>
<status status="PASS" starttime="20211229 15:05:11.502" endtime="20211229 15:05:12.030"/>
</kw>
<status status="PASS" starttime="20211229 15:05:11.501" endtime="20211229 15:05:12.030"/>
</kw>
<kw name="Wait Until Page Contains Element" library="SeleniumLibrary">
<arg>${empty_cart}</arg>
<doc>Waits until element ``locator`` appears on current page.</doc>
<status status="PASS" starttime="20211229 15:05:12.030" endtime="20211229 15:05:12.042"/>
</kw>
<kw name="Page Should Contain Element" library="SeleniumLibrary">
<arg>${empty_cart}</arg>
<doc>Verifies that element ``locator`` is found on the current page.</doc>
<msg timestamp="20211229 15:05:12.051" level="INFO">Current page contains element 'xpath:/html/body/div[6]/div[3]/div/div/div/div[2]/div/div'.</msg>
<status status="PASS" starttime="20211229 15:05:12.043" endtime="20211229 15:05:12.051"/>
</kw>
<status status="PASS" starttime="20211229 15:05:04.974" endtime="20211229 15:05:12.051"/>
</test>
<kw name="Close browsers" library="check_buy_resources" type="TEARDOWN">
<kw name="Close All Browsers" library="SeleniumLibrary">
<doc>Closes all open browsers and resets the browser cache.</doc>
<status status="PASS" starttime="20211229 15:05:12.052" endtime="20211229 15:05:14.160"/>
</kw>
<status status="PASS" starttime="20211229 15:05:12.052" endtime="20211229 15:05:14.160"/>
</kw>
<status status="PASS" starttime="20211229 15:04:42.992" endtime="20211229 15:05:14.160"/>
</suite>
<suite id="s1-s2" name="Change Currency" source="C:\Users\anton\PycharmProjects\Automation_testing\ecommerce_demo_robotframework\TestCases\change_currency.robot">
<kw name="Open my browser" library="price_checker_resources" type="SETUP">
<arg>${url}</arg>
<arg>${browser}</arg>
<kw name="Open Browser" library="SeleniumLibrary">
<arg>${url}</arg>
<arg>${browser}</arg>
<doc>Opens a new browser instance to the given ``url``.</doc>
<msg timestamp="20211229 15:04:43.250" level="INFO">Opening browser 'chrome' to base url 'https://demo.nopcommerce.com/'.</msg>
<status status="PASS" starttime="20211229 15:04:43.249" endtime="20211229 15:04:47.524"/>
</kw>
<kw name="Maximize Browser Window" library="SeleniumLibrary">
<doc>Maximizes current browser window.</doc>
<status status="PASS" starttime="20211229 15:04:47.524" endtime="20211229 15:04:47.673"/>
</kw>
<status status="PASS" starttime="20211229 15:04:43.248" endtime="20211229 15:04:47.673"/>
</kw>
<test id="s1-s2-t1" name="Euro checker currency">
<kw name="Changing currency on website">
<kw name="Go to desktop tab" library="price_checker_resources">
<kw name="Click Element" library="SeleniumLibrary">
<arg>${computers_tab}</arg>
<doc>Click element identified by ``locator``.</doc>
<msg timestamp="20211229 15:04:47.675" level="INFO">Clicking element 'xpath:/html/body/div[6]/div[2]/ul[1]/li[1]/a'.</msg>
<status status="PASS" starttime="20211229 15:04:47.675" endtime="20211229 15:04:49.098"/>
</kw>
<kw name="Wait Until Page Contains Element" library="SeleniumLibrary">
<arg>${desktop_tab}</arg>
<doc>Waits until element ``locator`` appears on current page.</doc>
<status status="PASS" starttime="20211229 15:04:49.099" endtime="20211229 15:04:49.121"/>
</kw>
<kw name="Click Element" library="SeleniumLibrary">
<arg>${desktop_tab}</arg>
<doc>Click element identified by ``locator``.</doc>
<msg timestamp="20211229 15:04:49.122" level="INFO">Clicking element 'xpath:/html/body/div[6]/div[3]/div/div[3]/div/div[2]/div[1]/div/div[1]/div/div/a/img'.</msg>
<status status="PASS" starttime="20211229 15:04:49.121" endtime="20211229 15:04:49.695"/>
</kw>
<status status="PASS" starttime="20211229 15:04:47.675" endtime="20211229 15:04:49.696"/>
</kw>
<kw name="Get Text" library="SeleniumLibrary">
<var>${first_price}</var>
<arg>${dollar_price}</arg>
<doc>Returns the text value of element identified by ``locator``.</doc>
<msg timestamp="20211229 15:04:49.726" level="INFO">${first_price} = $1,200.00</msg>
<status status="PASS" starttime="20211229 15:04:49.696" endtime="20211229 15:04:49.726"/>
</kw>
<kw name="Log To Console" library="BuiltIn">
<arg>${first_price}</arg>
<doc>Logs the given message to the console.</doc>
<status status="PASS" starttime="20211229 15:04:49.727" endtime="20211229 15:04:49.727"/>
</kw>
<kw name="Select the other currency" library="price_checker_resources">
<kw name="Select From List By Index" library="SeleniumLibrary">
<arg>${currency_changer}</arg>
<arg>1</arg>
<doc>Selects options from selection list ``locator`` by ``indexes``.</doc>
<msg timestamp="20211229 15:04:49.728" level="INFO">Selecting options from selection list 'id:customerCurrency' by index 1.</msg>
<status status="PASS" starttime="20211229 15:04:49.728" endtime="20211229 15:04:52.260"/>
</kw>
<status status="PASS" starttime="20211229 15:04:49.727" endtime="20211229 15:04:52.260"/>
</kw>
<kw name="Sleep" library="BuiltIn">
<arg>2s</arg>
<doc>Pauses the test executed for the given time.</doc>
<msg timestamp="20211229 15:04:54.263" level="INFO">Slept 2 seconds</msg>
<status status="PASS" starttime="20211229 15:04:52.261" endtime="20211229 15:04:54.263"/>
</kw>
<kw name="Get Text" library="SeleniumLibrary">
<var>${updated_price}</var>
<arg>${euro_price}</arg>
<doc>Returns the text value of element identified by ``locator``.</doc>
<msg timestamp="20211229 15:04:54.288" level="INFO">${updated_price} = €1032.00</msg>
<status status="PASS" starttime="20211229 15:04:54.264" endtime="20211229 15:04:54.289"/>
</kw>
<kw name="Log To Console" library="BuiltIn">
<arg>${updated_price}</arg>
<doc>Logs the given message to the console.</doc>
<status status="PASS" starttime="20211229 15:04:54.289" endtime="20211229 15:04:54.289"/>
</kw>
<kw name="Evaluate" library="BuiltIn">
<var>${final_price}</var>
<arg>${first_price[1:]}!=${updated_price[1:]}</arg>
<doc>Evaluates the given expression in Python and returns the result.</doc>
<msg timestamp="20211229 15:04:54.291" level="INFO">${final_price} = (1, True)</msg>
<status status="PASS" starttime="20211229 15:04:54.289" endtime="20211229 15:04:54.291"/>
</kw>
<status status="PASS" starttime="20211229 15:04:47.674" endtime="20211229 15:04:54.292"/>
</kw>
<status status="PASS" starttime="20211229 15:04:47.674" endtime="20211229 15:04:54.292"/>
</test>
<test id="s1-s2-t2" name="Dolar checker currency">
<kw name="Getting the first currency back">
<kw name="Go to desktop tab" library="price_checker_resources">
<kw name="Click Element" library="SeleniumLibrary">
<arg>${computers_tab}</arg>
<doc>Click element identified by ``locator``.</doc>
<msg timestamp="20211229 15:04:54.294" level="INFO">Clicking element 'xpath:/html/body/div[6]/div[2]/ul[1]/li[1]/a'.</msg>
<status status="PASS" starttime="20211229 15:04:54.294" endtime="20211229 15:04:54.739"/>
</kw>
<kw name="Wait Until Page Contains Element" library="SeleniumLibrary">
<arg>${desktop_tab}</arg>
<doc>Waits until element ``locator`` appears on current page.</doc>
<status status="PASS" starttime="20211229 15:04:54.739" endtime="20211229 15:04:54.751"/>
</kw>
<kw name="Click Element" library="SeleniumLibrary">
<arg>${desktop_tab}</arg>
<doc>Click element identified by ``locator``.</doc>
<msg timestamp="20211229 15:04:54.752" level="INFO">Clicking element 'xpath:/html/body/div[6]/div[3]/div/div[3]/div/div[2]/div[1]/div/div[1]/div/div/a/img'.</msg>
<status status="PASS" starttime="20211229 15:04:54.751" endtime="20211229 15:04:55.190"/>
</kw>
<status status="PASS" starttime="20211229 15:04:54.293" endtime="20211229 15:04:55.191"/>
</kw>
<kw name="Select the other currency" library="price_checker_resources">
<kw name="Select From List By Index" library="SeleniumLibrary">
<arg>${currency_changer}</arg>
<arg>1</arg>
<doc>Selects options from selection list ``locator`` by ``indexes``.</doc>
<msg timestamp="20211229 15:04:55.192" level="INFO">Selecting options from selection list 'id:customerCurrency' by index 1.</msg>
<status status="PASS" starttime="20211229 15:04:55.191" endtime="20211229 15:04:55.254"/>
</kw>
<status status="PASS" starttime="20211229 15:04:55.191" endtime="20211229 15:04:55.254"/>
</kw>
<kw name="Sleep" library="BuiltIn">
<arg>2s</arg>
<doc>Pauses the test executed for the given time.</doc>
<msg timestamp="20211229 15:04:57.268" level="INFO">Slept 2 seconds</msg>
<status status="PASS" starttime="20211229 15:04:55.255" endtime="20211229 15:04:57.268"/>
</kw>
<kw name="Get Text" library="SeleniumLibrary">
<var>${first_price}</var>
<arg>${euro_price}</arg>
<doc>Returns the text value of element identified by ``locator``.</doc>
<msg timestamp="20211229 15:04:57.293" level="INFO">${first_price} = €1032.00</msg>
<status status="PASS" starttime="20211229 15:04:57.269" endtime="20211229 15:04:57.294"/>
</kw>
<kw name="Log To Console" library="BuiltIn">
<arg>${first_price}</arg>
<doc>Logs the given message to the console.</doc>
<status status="PASS" starttime="20211229 15:04:57.294" endtime="20211229 15:04:57.295"/>
</kw>
<kw name="Select the first currency" library="price_checker_resources">
<kw name="Select From List By Index" library="SeleniumLibrary">
<arg>${currency_changer}</arg>
<arg>0</arg>
<doc>Selects options from selection list ``locator`` by ``indexes``.</doc>
<msg timestamp="20211229 15:04:57.296" level="INFO">Selecting options from selection list 'id:customerCurrency' by index 0.</msg>
<status status="PASS" starttime="20211229 15:04:57.296" endtime="20211229 15:04:58.940"/>
</kw>
<status status="PASS" starttime="20211229 15:04:57.295" endtime="20211229 15:04:58.941"/>
</kw>
<kw name="Sleep" library="BuiltIn">
<arg>2s</arg>
<doc>Pauses the test executed for the given time.</doc>
<msg timestamp="20211229 15:05:00.951" level="INFO">Slept 2 seconds</msg>
<status status="PASS" starttime="20211229 15:04:58.941" endtime="20211229 15:05:00.951"/>
</kw>
<kw name="Get Text" library="SeleniumLibrary">
<var>${updated_price}</var>
<arg>${dollar_price}</arg>
<doc>Returns the text value of element identified by ``locator``.</doc>
<msg timestamp="20211229 15:05:00.975" level="INFO">${updated_price} = $1,200.00</msg>
<status status="PASS" starttime="20211229 15:05:00.951" endtime="20211229 15:05:00.975"/>
</kw>
<kw name="Log To Console" library="BuiltIn">
<arg>${updated_price}</arg>
<doc>Logs the given message to the console.</doc>
<status status="PASS" starttime="20211229 15:05:00.976" endtime="20211229 15:05:00.976"/>
</kw>
<kw name="Evaluate" library="BuiltIn">
<var>${final_price}</var>
<arg>${first_price[1:]}!=${updated_price[1:]}</arg>
<doc>Evaluates the given expression in Python and returns the result.</doc>
<msg timestamp="20211229 15:05:00.978" level="INFO">${final_price} = (True, 200.0)</msg>
<status status="PASS" starttime="20211229 15:05:00.976" endtime="20211229 15:05:00.978"/>
</kw>
<status status="PASS" starttime="20211229 15:04:54.293" endtime="20211229 15:05:00.978"/>
</kw>
<status status="PASS" starttime="20211229 15:04:54.292" endtime="20211229 15:05:00.979"/>
</test>
<kw name="Close browsers" library="price_checker_resources" type="TEARDOWN">
<kw name="Close All Browsers" library="SeleniumLibrary">
<doc>Closes all open browsers and resets the browser cache.</doc>
<status status="PASS" starttime="20211229 15:05:00.980" endtime="20211229 15:05:03.090"/>
</kw>
<status status="PASS" starttime="20211229 15:05:00.980" endtime="20211229 15:05:03.090"/>
</kw>
<status status="PASS" starttime="20211229 15:04:43.005" endtime="20211229 15:05:03.090"/>
</suite>
<suite id="s1-s3" name="Invalid Login" source="C:\Users\anton\PycharmProjects\Automation_testing\ecommerce_demo_robotframework\TestCases\invalid_login.robot">
<kw name="Open my browser" library="login_page_resources" type="SETUP">
<arg>${url}</arg>
<arg>${browser}</arg>
<kw name="Open Browser" library="SeleniumLibrary">
<arg>${url}</arg>
<arg>${browser}</arg>
<doc>Opens a new browser instance to the given ``url``.</doc>
<msg timestamp="20211229 15:04:47.699" level="INFO">Opening browser 'chrome' to base url 'https://demo.nopcommerce.com/'.</msg>
<status status="PASS" starttime="20211229 15:04:47.698" endtime="20211229 15:04:51.584"/>
</kw>
<kw name="Maximize Browser Window" library="SeleniumLibrary">
<doc>Maximizes current browser window.</doc>
<status status="PASS" starttime="20211229 15:04:51.585" endtime="20211229 15:04:51.727"/>
</kw>
<status status="PASS" starttime="20211229 15:04:47.697" endtime="20211229 15:04:51.727"/>
</kw>
<test id="s1-s3-t1" name="Invalid data using">
<kw name="Login form">
<arg>andrei@gmail.com</arg>
<arg>dasdadasd</arg>
<kw name="Go To" library="SeleniumLibrary">
<arg>https://demo.nopcommerce.com/login?returnUrl=%2F</arg>
<doc>Navigates the active browser instance to the provided ``url``.</doc>
<msg timestamp="20211229 15:04:51.730" level="INFO">Opening url 'https://demo.nopcommerce.com/login?returnUrl=%2F'</msg>
<status status="PASS" starttime="20211229 15:04:51.730" endtime="20211229 15:04:53.062"/>
</kw>
<kw name="Email input" library="login_page_resources">
<arg>${email_address}</arg>
<kw name="Input Text" library="SeleniumLibrary">
<arg>${email_box}</arg>
<arg>${email_address}</arg>
<doc>Types the given ``text`` into text field identified by ``locator``.</doc>
<msg timestamp="20211229 15:04:53.063" level="INFO">Typing text 'andrei@gmail.com' into text field 'xpath://*[@id="Email"]'.</msg>
<status status="PASS" starttime="20211229 15:04:53.063" endtime="20211229 15:04:53.150"/>
</kw>
<status status="PASS" starttime="20211229 15:04:53.062" endtime="20211229 15:04:53.150"/>
</kw>
<kw name="Password input" library="login_page_resources">
<arg>${pwd}</arg>
<kw name="Input Text" library="SeleniumLibrary">
<arg>${password_box}</arg>
<arg>${pwd}</arg>
<doc>Types the given ``text`` into text field identified by ``locator``.</doc>
<msg timestamp="20211229 15:04:53.151" level="INFO">Typing text 'dasdadasd' into text field 'xpath://*[@id="Password"]'.</msg>
<status status="PASS" starttime="20211229 15:04:53.151" endtime="20211229 15:04:53.237"/>
</kw>
<status status="PASS" starttime="20211229 15:04:53.150" endtime="20211229 15:04:53.237"/>
</kw>
<kw name="Submit button" library="login_page_resources">
<kw name="Click Element" library="SeleniumLibrary">
<arg>${login_btn}</arg>
<doc>Click element identified by ``locator``.</doc>
<msg timestamp="20211229 15:04:53.238" level="INFO">Clicking element 'xpath:/html/body/div[6]/div[3]/div/div/div/div[2]/div[1]/div[2]/form/div[3]/button'.</msg>
<status status="PASS" starttime="20211229 15:04:53.237" endtime="20211229 15:04:54.453"/>
</kw>
<status status="PASS" starttime="20211229 15:04:53.237" endtime="20211229 15:04:54.453"/>
</kw>
<kw name="User not found alert" library="login_page_resources">
<kw name="Sleep" library="BuiltIn">
<arg>2s</arg>
<doc>Pauses the test executed for the given time.</doc>
<msg timestamp="20211229 15:04:56.464" level="INFO">Slept 2 seconds</msg>
<status status="PASS" starttime="20211229 15:04:54.455" endtime="20211229 15:04:56.464"/>
</kw>
<kw name="Page Should Contain Element" library="SeleniumLibrary">
<arg>${no_customer_alert}</arg>
<doc>Verifies that element ``locator`` is found on the current page.</doc>
<msg timestamp="20211229 15:04:56.477" level="INFO">Current page contains element 'xpath:/html/body/div[6]/div[3]/div/div/div/div[2]/div[1]/div[2]/form/div[1]/ul/li'.</msg>
<status status="PASS" starttime="20211229 15:04:56.464" endtime="20211229 15:04:56.477"/>
</kw>
<status status="PASS" starttime="20211229 15:04:54.453" endtime="20211229 15:04:56.477"/>
</kw>
<status status="PASS" starttime="20211229 15:04:51.729" endtime="20211229 15:04:56.478"/>
</kw>
<status status="PASS" starttime="20211229 15:04:51.727" endtime="20211229 15:04:56.478"/>
</test>
<test id="s1-s3-t2" name="Invalid data using">
<kw name="Login form">
<arg>antonio@gmail.com</arg>
<arg>asdsadasdasd</arg>
<kw name="Go To" library="SeleniumLibrary">
<arg>https://demo.nopcommerce.com/login?returnUrl=%2F</arg>
<doc>Navigates the active browser instance to the provided ``url``.</doc>
<msg timestamp="20211229 15:04:56.483" level="INFO">Opening url 'https://demo.nopcommerce.com/login?returnUrl=%2F'</msg>
<status status="PASS" starttime="20211229 15:04:56.482" endtime="20211229 15:04:56.852"/>
</kw>
<kw name="Email input" library="login_page_resources">
<arg>${email_address}</arg>
<kw name="Input Text" library="SeleniumLibrary">
<arg>${email_box}</arg>
<arg>${email_address}</arg>
<doc>Types the given ``text`` into text field identified by ``locator``.</doc>
<msg timestamp="20211229 15:04:56.855" level="INFO">Typing text 'antonio@gmail.com' into text field 'xpath://*[@id="Email"]'.</msg>
<status status="PASS" starttime="20211229 15:04:56.854" endtime="20211229 15:04:56.959"/>
</kw>
<status status="PASS" starttime="20211229 15:04:56.853" endtime="20211229 15:04:56.960"/>
</kw>
<kw name="Password input" library="login_page_resources">
<arg>${pwd}</arg>
<kw name="Input Text" library="SeleniumLibrary">
<arg>${password_box}</arg>
<arg>${pwd}</arg>
<doc>Types the given ``text`` into text field identified by ``locator``.</doc>
<msg timestamp="20211229 15:04:56.961" level="INFO">Typing text 'asdsadasdasd' into text field 'xpath://*[@id="Password"]'.</msg>
<status status="PASS" starttime="20211229 15:04:56.961" endtime="20211229 15:04:57.054"/>
</kw>
<status status="PASS" starttime="20211229 15:04:56.960" endtime="20211229 15:04:57.054"/>
</kw>
<kw name="Submit button" library="login_page_resources">
<kw name="Click Element" library="SeleniumLibrary">
<arg>${login_btn}</arg>
<doc>Click element identified by ``locator``.</doc>
<msg timestamp="20211229 15:04:57.055" level="INFO">Clicking element 'xpath:/html/body/div[6]/div[3]/div/div/div/div[2]/div[1]/div[2]/form/div[3]/button'.</msg>
<status status="PASS" starttime="20211229 15:04:57.055" endtime="20211229 15:04:58.207"/>
</kw>
<status status="PASS" starttime="20211229 15:04:57.054" endtime="20211229 15:04:58.208"/>
</kw>
<kw name="User not found alert" library="login_page_resources">
<kw name="Sleep" library="BuiltIn">
<arg>2s</arg>
<doc>Pauses the test executed for the given time.</doc>
<msg timestamp="20211229 15:05:00.224" level="INFO">Slept 2 seconds</msg>
<status status="PASS" starttime="20211229 15:04:58.209" endtime="20211229 15:05:00.224"/>
</kw>
<kw name="Page Should Contain Element" library="SeleniumLibrary">
<arg>${no_customer_alert}</arg>
<doc>Verifies that element ``locator`` is found on the current page.</doc>
<msg timestamp="20211229 15:05:00.232" level="INFO">Current page contains element 'xpath:/html/body/div[6]/div[3]/div/div/div/div[2]/div[1]/div[2]/form/div[1]/ul/li'.</msg>
<status status="PASS" starttime="20211229 15:05:00.224" endtime="20211229 15:05:00.232"/>
</kw>
<status status="PASS" starttime="20211229 15:04:58.209" endtime="20211229 15:05:00.233"/>
</kw>
<status status="PASS" starttime="20211229 15:04:56.481" endtime="20211229 15:05:00.233"/>
</kw>
<status status="PASS" starttime="20211229 15:04:56.478" endtime="20211229 15:05:00.233"/>
</test>
<test id="s1-s3-t3" name="Invalid data using">
<kw name="Login form">
<arg>ionut@gmail.com</arg>
<arg>asdasdasd</arg>
<kw name="Go To" library="SeleniumLibrary">
<arg>https://demo.nopcommerce.com/login?returnUrl=%2F</arg>
<doc>Navigates the active browser instance to the provided ``url``.</doc>
<msg timestamp="20211229 15:05:00.237" level="INFO">Opening url 'https://demo.nopcommerce.com/login?returnUrl=%2F'</msg>
<status status="PASS" starttime="20211229 15:05:00.236" endtime="20211229 15:05:00.640"/>
</kw>
<kw name="Email input" library="login_page_resources">
<arg>${email_address}</arg>
<kw name="Input Text" library="SeleniumLibrary">
<arg>${email_box}</arg>
<arg>${email_address}</arg>
<doc>Types the given ``text`` into text field identified by ``locator``.</doc>
<msg timestamp="20211229 15:05:00.642" level="INFO">Typing text 'ionut@gmail.com' into text field 'xpath://*[@id="Email"]'.</msg>
<status status="PASS" starttime="20211229 15:05:00.641" endtime="20211229 15:05:00.727"/>
</kw>
<status status="PASS" starttime="20211229 15:05:00.640" endtime="20211229 15:05:00.728"/>
</kw>
<kw name="Password input" library="login_page_resources">
<arg>${pwd}</arg>
<kw name="Input Text" library="SeleniumLibrary">
<arg>${password_box}</arg>
<arg>${pwd}</arg>
<doc>Types the given ``text`` into text field identified by ``locator``.</doc>
<msg timestamp="20211229 15:05:00.730" level="INFO">Typing text 'asdasdasd' into text field 'xpath://*[@id="Password"]'.</msg>
<status status="PASS" starttime="20211229 15:05:00.729" endtime="20211229 15:05:00.808"/>
</kw>
<status status="PASS" starttime="20211229 15:05:00.728" endtime="20211229 15:05:00.809"/>
</kw>
<kw name="Submit button" library="login_page_resources">
<kw name="Click Element" library="SeleniumLibrary">
<arg>${login_btn}</arg>
<doc>Click element identified by ``locator``.</doc>
<msg timestamp="20211229 15:05:00.810" level="INFO">Clicking element 'xpath:/html/body/div[6]/div[3]/div/div/div/div[2]/div[1]/div[2]/form/div[3]/button'.</msg>
<status status="PASS" starttime="20211229 15:05:00.809" endtime="20211229 15:05:02.105"/>
</kw>
<status status="PASS" starttime="20211229 15:05:00.809" endtime="20211229 15:05:02.105"/>
</kw>
<kw name="User not found alert" library="login_page_resources">
<kw name="Sleep" library="BuiltIn">
<arg>2s</arg>
<doc>Pauses the test executed for the given time.</doc>
<msg timestamp="20211229 15:05:04.112" level="INFO">Slept 2 seconds</msg>
<status status="PASS" starttime="20211229 15:05:02.106" endtime="20211229 15:05:04.112"/>
</kw>
<kw name="Page Should Contain Element" library="SeleniumLibrary">
<arg>${no_customer_alert}</arg>
<doc>Verifies that element ``locator`` is found on the current page.</doc>
<msg timestamp="20211229 15:05:04.121" level="INFO">Current page contains element 'xpath:/html/body/div[6]/div[3]/div/div/div/div[2]/div[1]/div[2]/form/div[1]/ul/li'.</msg>
<status status="PASS" starttime="20211229 15:05:04.112" endtime="20211229 15:05:04.121"/>
</kw>
<status status="PASS" starttime="20211229 15:05:02.105" endtime="20211229 15:05:04.121"/>
</kw>
<status status="PASS" starttime="20211229 15:05:00.236" endtime="20211229 15:05:04.121"/>
</kw>
<status status="PASS" starttime="20211229 15:05:00.234" endtime="20211229 15:05:04.122"/>
</test>
<kw name="Close browsers" library="login_page_resources" type="TEARDOWN">
<kw name="Close All Browsers" library="SeleniumLibrary">
<doc>Closes all open browsers and resets the browser cache.</doc>
<status status="PASS" starttime="20211229 15:05:04.123" endtime="20211229 15:05:06.245"/>
</kw>
<status status="PASS" starttime="20211229 15:05:04.122" endtime="20211229 15:05:06.246"/>
</kw>
<status status="PASS" starttime="20211229 15:04:42.995" endtime="20211229 15:05:06.246"/>
</suite>
<suite id="s1-s4" name="Register Page" source="C:\Users\anton\PycharmProjects\Automation_testing\ecommerce_demo_robotframework\TestCases\register_page.robot">
<kw name="Open my browser" library="register_page_resources" type="SETUP">
<arg>${url}</arg>
<arg>${browser}</arg>
<kw name="Open Browser" library="SeleniumLibrary">
<arg>${url}</arg>
<arg>${browser}</arg>
<doc>Opens a new browser instance to the given ``url``.</doc>
<msg timestamp="20211229 15:04:43.253" level="INFO">Opening browser 'chrome' to base url 'https://demo.nopcommerce.com/'.</msg>
<status status="PASS" starttime="20211229 15:04:43.252" endtime="20211229 15:04:47.441"/>
</kw>
<kw name="Maximize Browser Window" library="SeleniumLibrary">
<doc>Maximizes current browser window.</doc>
<status status="PASS" starttime="20211229 15:04:47.442" endtime="20211229 15:04:47.595"/>
</kw>
<status status="PASS" starttime="20211229 15:04:43.251" endtime="20211229 15:04:47.595"/>
</kw>
<test id="s1-s4-t1" name="Registration with valid info">
<kw name="Open register page" library="register_page_resources">
<arg>${register}</arg>
<kw name="Go To" library="SeleniumLibrary">
<arg>${register}</arg>
<doc>Navigates the active browser instance to the provided ``url``.</doc>
<msg timestamp="20211229 15:04:47.597" level="INFO">Opening url 'https://demo.nopcommerce.com/register?returnUrl=%2F'</msg>
<status status="PASS" starttime="20211229 15:04:47.597" endtime="20211229 15:04:48.291"/>
</kw>
<status status="PASS" starttime="20211229 15:04:47.596" endtime="20211229 15:04:48.292"/>
</kw>
<kw name="Register page form">
<kw name="Gender choose" library="register_page_resources">
<kw name="Click Element" library="SeleniumLibrary">
<arg>${gender_male}</arg>
<doc>Click element identified by ``locator``.</doc>
<msg timestamp="20211229 15:04:48.294" level="INFO">Clicking element 'id:gender-male'.</msg>
<status status="PASS" starttime="20211229 15:04:48.294" endtime="20211229 15:04:48.352"/>
</kw>
<status status="PASS" starttime="20211229 15:04:48.293" endtime="20211229 15:04:48.353"/>
</kw>
<kw name="First name input" library="register_page_resources">
<arg>${first_name}</arg>
<kw name="Input Text" library="SeleniumLibrary">
<arg>${f_name}</arg>
<arg>${first_name}</arg>
<doc>Types the given ``text`` into text field identified by ``locator``.</doc>
<msg timestamp="20211229 15:04:48.354" level="INFO">Typing text 'Ionut' into text field 'id:FirstName'.</msg>
<status status="PASS" starttime="20211229 15:04:48.354" endtime="20211229 15:04:48.544"/>
</kw>
<status status="PASS" starttime="20211229 15:04:48.353" endtime="20211229 15:04:48.545"/>
</kw>
<kw name="Last name input" library="register_page_resources">
<arg>${last_name}</arg>
<kw name="Input Text" library="SeleniumLibrary">
<arg>${l_name}</arg>
<arg>${last_name}</arg>
<doc>Types the given ``text`` into text field identified by ``locator``.</doc>
<msg timestamp="20211229 15:04:48.546" level="INFO">Typing text 'Andrei' into text field 'id:LastName'.</msg>
<status status="PASS" starttime="20211229 15:04:48.546" endtime="20211229 15:04:48.770"/>
</kw>
<status status="PASS" starttime="20211229 15:04:48.545" endtime="20211229 15:04:48.770"/>
</kw>
<kw name="Birth date-day" library="register_page_resources">
<kw name="Select From List By Index" library="SeleniumLibrary">
<arg>${day_birth}</arg>
<arg>5</arg>
<doc>Selects options from selection list ``locator`` by ``indexes``.</doc>
<msg timestamp="20211229 15:04:48.773" level="INFO">Selecting options from selection list 'xpath:/html/body/div[6]/div[3]/div/div/div/div[2]/form/div[1]/div[2]/div[4]/div/select[1]' by index 5.</msg>
<status status="PASS" starttime="20211229 15:04:48.772" endtime="20211229 15:04:48.991"/>
</kw>
<status status="PASS" starttime="20211229 15:04:48.771" endtime="20211229 15:04:48.992"/>
</kw>
<kw name="Birth date-month" library="register_page_resources">
<kw name="Select From List By Index" library="SeleniumLibrary">
<arg>${month_birth}</arg>
<arg>4</arg>
<doc>Selects options from selection list ``locator`` by ``indexes``.</doc>
<msg timestamp="20211229 15:04:48.993" level="INFO">Selecting options from selection list 'xpath:/html/body/div[6]/div[3]/div/div/div/div[2]/form/div[1]/div[2]/div[4]/div/select[2]' by index 4.</msg>
<status status="PASS" starttime="20211229 15:04:48.993" endtime="20211229 15:04:49.177"/>
</kw>
<status status="PASS" starttime="20211229 15:04:48.992" endtime="20211229 15:04:49.178"/>
</kw>
<kw name="Birth date-year" library="register_page_resources">
<kw name="Select From List By Label" library="SeleniumLibrary">
<arg>${year_birth}</arg>
<arg>1996</arg>
<doc>Selects options from selection list ``locator`` by ``labels``.</doc>
<msg timestamp="20211229 15:04:49.180" level="INFO">Selecting options from selection list 'xpath:/html/body/div[6]/div[3]/div/div/div/div[2]/form/div[1]/div[2]/div[4]/div/select[3]' by label 1996.</msg>
<status status="PASS" starttime="20211229 15:04:49.179" endtime="20211229 15:04:49.280"/>
</kw>
<status status="PASS" starttime="20211229 15:04:49.178" endtime="20211229 15:04:49.280"/>
</kw>
<kw name="Email address input" library="register_page_resources">
<arg>${email}</arg>
<kw name="Input Text" library="SeleniumLibrary">
<arg>${email_box}</arg>
<arg>${email}</arg>
<doc>Types the given ``text`` into text field identified by ``locator``.</doc>
<msg timestamp="20211229 15:04:49.282" level="INFO">Typing text 'andreiionut@gmail.com' into text field 'id:Email'.</msg>
<status status="PASS" starttime="20211229 15:04:49.282" endtime="20211229 15:04:49.400"/>
</kw>
<status status="PASS" starttime="20211229 15:04:49.281" endtime="20211229 15:04:49.400"/>
</kw>
<kw name="Company name input" library="register_page_resources">
<kw name="Input Text" library="SeleniumLibrary">
<arg>${company_name}</arg>
<arg>California SRL</arg>
<doc>Types the given ``text`` into text field identified by ``locator``.</doc>
<msg timestamp="20211229 15:04:49.402" level="INFO">Typing text 'California SRL' into text field 'id:Company'.</msg>
<status status="PASS" starttime="20211229 15:04:49.401" endtime="20211229 15:04:49.524"/>
</kw>
<status status="PASS" starttime="20211229 15:04:49.400" endtime="20211229 15:04:49.524"/>
</kw>
<kw name="Newsletter box" library="register_page_resources">
<kw name="Select Checkbox" library="SeleniumLibrary">
<arg>${news_checkbox}</arg>
<doc>Selects checkbox identified by ``locator``.</doc>
<msg timestamp="20211229 15:04:49.527" level="INFO">Selecting checkbox 'id:Newsletter'.</msg>
<status status="PASS" starttime="20211229 15:04:49.526" endtime="20211229 15:04:49.556"/>
</kw>
<status status="PASS" starttime="20211229 15:04:49.524" endtime="20211229 15:04:49.557"/>
</kw>
<kw name="Password input" library="register_page_resources">
<arg>${pwd}</arg>
<kw name="Input Text" library="SeleniumLibrary">
<arg>${password_box}</arg>
<arg>${pwd}</arg>
<doc>Types the given ``text`` into text field identified by ``locator``.</doc>
<msg timestamp="20211229 15:04:49.559" level="INFO">Typing text 'dasdqdqs' into text field 'id:Password'.</msg>
<status status="PASS" starttime="20211229 15:04:49.558" endtime="20211229 15:04:49.682"/>
</kw>
<status status="PASS" starttime="20211229 15:04:49.557" endtime="20211229 15:04:49.683"/>
</kw>
<kw name="Password confirm input" library="register_page_resources">
<arg>${pwd}</arg>
<kw name="Input Text" library="SeleniumLibrary">
<arg>${password_check}</arg>
<arg>${pwd}</arg>
<doc>Types the given ``text`` into text field identified by ``locator``.</doc>
<msg timestamp="20211229 15:04:49.685" level="INFO">Typing text 'dasdqdqs' into text field 'id:ConfirmPassword'.</msg>
<status status="PASS" starttime="20211229 15:04:49.685" endtime="20211229 15:04:49.781"/>
</kw>
<status status="PASS" starttime="20211229 15:04:49.683" endtime="20211229 15:04:49.781"/>
</kw>
<kw name="Submit register infos" library="register_page_resources">
<kw name="Click Element" library="SeleniumLibrary">
<arg>${register_btn}</arg>
<doc>Click element identified by ``locator``.</doc>
<msg timestamp="20211229 15:04:49.782" level="INFO">Clicking element 'id:register-button'.</msg>
<status status="PASS" starttime="20211229 15:04:49.782" endtime="20211229 15:04:52.220"/>
</kw>
<status status="PASS" starttime="20211229 15:04:49.781" endtime="20211229 15:04:52.220"/>
</kw>
<kw name="Register complete" library="register_page_resources">
<kw name="Wait Until Page Contains Element" library="SeleniumLibrary">
<arg>${reg_complete}</arg>
<doc>Waits until element ``locator`` appears on current page.</doc>
<status status="PASS" starttime="20211229 15:04:52.222" endtime="20211229 15:04:52.252"/>
</kw>
<kw name="Page Should Contain Element" library="SeleniumLibrary">
<arg>${reg_complete}</arg>
<doc>Verifies that element ``locator`` is found on the current page.</doc>
<msg timestamp="20211229 15:04:52.262" level="INFO">Current page contains element 'xpath:/html/body/div[6]/div[3]/div/div/div/div[2]/div[1]'.</msg>
<status status="PASS" starttime="20211229 15:04:52.253" endtime="20211229 15:04:52.262"/>
</kw>
<status status="PASS" starttime="20211229 15:04:52.221" endtime="20211229 15:04:52.263"/>
</kw>
<status status="PASS" starttime="20211229 15:04:48.292" endtime="20211229 15:04:52.263"/>
</kw>
<status status="PASS" starttime="20211229 15:04:47.595" endtime="20211229 15:04:52.263"/>
</test>
<kw name="Close browsers" library="register_page_resources" type="TEARDOWN">
<kw name="Close All Browsers" library="SeleniumLibrary">
<doc>Closes all open browsers and resets the browser cache.</doc>
<status status="PASS" starttime="20211229 15:04:52.265" endtime="20211229 15:04:54.375"/>
</kw>
<status status="PASS" starttime="20211229 15:04:52.264" endtime="20211229 15:04:54.376"/>
</kw>
<status status="PASS" starttime="20211229 15:04:43.008" endtime="20211229 15:04:54.376"/>
</suite>
<doc>[https://pabot.org/?ref=log|Pabot] result from 4 executions.</doc>
<status status="PASS" starttime="20211229 15:04:42.961" endtime="20211229 15:05:14.162"/>
</suite>
<statistics>
<total>
<stat pass="9" fail="0" skip="0">All Tests</stat>
</total>
<tag>
</tag>
<suite>
<stat pass="9" fail="0" skip="0" id="s1" name="TestCases">TestCases</stat>
<stat pass="3" fail="0" skip="0" id="s1-s1" name="Buy Checking">TestCases.Buy Checking</stat>
<stat pass="2" fail="0" skip="0" id="s1-s2" name="Change Currency">TestCases.Change Currency</stat>
<stat pass="3" fail="0" skip="0" id="s1-s3" name="Invalid Login">TestCases.Invalid Login</stat>
<stat pass="1" fail="0" skip="0" id="s1-s4" name="Register Page">TestCases.Register Page</stat>
</suite>
</statistics>
<errors>
<msg timestamp="20211229 15:04:56.478" level="WARN">Multiple test cases with name 'Invalid data using' executed in test suite 'TestCases.Invalid Login'.</msg>
<msg timestamp="20211229 15:05:00.234" level="WARN">Multiple test cases with name 'Invalid data using' executed in test suite 'TestCases.Invalid Login'.</msg>
</errors>
</robot>
